------Start of DE processing------ = [12/07/2022 11:29:42:060 BRT]
Exception = com.ibm.wsspi.injectionengine.InjectionException
Source = com.ibm.ws.webcontainer.servlet.ServletWrapper.loadServlet
probeid = 228
Stack Dump = com.ibm.wsspi.injectionengine.InjectionException: java.lang.reflect.InvocationTargetException
	at com.ibm.ws.webcontainer.osgi.webapp.WebApp.inject(WebApp.java:1283)
	at com.ibm.ws.webcontainer.osgi.webapp.WebApp.injectAndPostConstruct(WebApp.java:1419)
	at com.ibm.ws.webcontainer.osgi.webapp.WebApp.injectAndPostConstruct(WebApp.java:1407)
	at com.ibm.ws.webcontainer.osgi.servlet.ServletWrapper.createTarget(ServletWrapper.java:63)
	at com.ibm.ws.webcontainer.servlet.ServletWrapper$1.run(ServletWrapper.java:1543)
	at java.base/java.security.AccessController.doPrivileged(Native Method)
	at com.ibm.ws.webcontainer.servlet.ServletWrapper.loadServlet(ServletWrapper.java:1511)
	at com.ibm.ws.webcontainer.servlet.ServletWrapper.handleRequest(ServletWrapper.java:590)
	at com.ibm.ws.webcontainer.servlet.ServletWrapper.handleRequest(ServletWrapper.java:443)
	at com.ibm.ws.webcontainer.filter.WebAppFilterManager.invokeFilters(WebAppFilterManager.java:1227)
	at com.ibm.ws.webcontainer.webapp.WebApp.handleRequest(WebApp.java:5059)
	at com.ibm.ws.webcontainer.osgi.DynamicVirtualHost$2.handleRequest(DynamicVirtualHost.java:316)
	at com.ibm.ws.webcontainer.WebContainer.handleRequest(WebContainer.java:1007)
	at com.ibm.ws.webcontainer.osgi.DynamicVirtualHost$2.run(DynamicVirtualHost.java:281)
	at com.ibm.ws.http.dispatcher.internal.channel.HttpDispatcherLink$TaskWrapper.run(HttpDispatcherLink.java:1184)
	at com.ibm.ws.http.dispatcher.internal.channel.HttpDispatcherLink.wrapHandlerAndExecute(HttpDispatcherLink.java:453)
	at com.ibm.ws.http.dispatcher.internal.channel.HttpDispatcherLink.ready(HttpDispatcherLink.java:412)
	at com.ibm.ws.http.channel.internal.inbound.HttpInboundLink.handleDiscrimination(HttpInboundLink.java:566)
	at com.ibm.ws.http.channel.internal.inbound.HttpInboundLink.handleNewRequest(HttpInboundLink.java:500)
	at com.ibm.ws.http.channel.internal.inbound.HttpInboundLink.processRequest(HttpInboundLink.java:360)
	at com.ibm.ws.http.channel.internal.inbound.HttpInboundLink.ready(HttpInboundLink.java:327)
	at com.ibm.ws.tcpchannel.internal.NewConnectionInitialReadCallback.sendToDiscriminators(NewConnectionInitialReadCallback.java:167)
	at com.ibm.ws.tcpchannel.internal.NewConnectionInitialReadCallback.complete(NewConnectionInitialReadCallback.java:75)
	at com.ibm.ws.tcpchannel.internal.WorkQueueManager.requestComplete(WorkQueueManager.java:514)
	at com.ibm.ws.tcpchannel.internal.WorkQueueManager.attemptIO(WorkQueueManager.java:584)
	at com.ibm.ws.tcpchannel.internal.WorkQueueManager.workerRun(WorkQueueManager.java:968)
	at com.ibm.ws.tcpchannel.internal.WorkQueueManager$Worker.run(WorkQueueManager.java:1057)
	at com.ibm.ws.threading.internal.ExecutorServiceImpl$RunnableWrapper.run(ExecutorServiceImpl.java:245)
	at java.base/java.util.concurrent.ThreadPoolExecutor.runWorker(ThreadPoolExecutor.java:1128)
	at java.base/java.util.concurrent.ThreadPoolExecutor$Worker.run(ThreadPoolExecutor.java:628)
	at java.base/java.lang.Thread.run(Thread.java:834)
Caused by: java.lang.reflect.InvocationTargetException
	at jdk.internal.reflect.GeneratedConstructorAccessor883.newInstance(Unknown Source)
	at java.base/java.lang.reflect.Constructor.newInstance(Constructor.java:490)
	at com.ibm.ws.managedobject.internal.ManagedObjectFactoryImpl.createManagedObject(ManagedObjectFactoryImpl.java:72)
	at com.ibm.ws.webcontainer.osgi.webapp.WebApp.inject(WebApp.java:1259)
	... 30 more
Caused by: java.lang.Error: Unresolved compilation problems: 
	Big_Service cannot be resolved to a type
	The method doGet(HttpServletRequest, HttpServletRequest) of type UI must override or implement a supertype method
	Big cannot be resolved to a type
	Big_Service cannot be resolved to a type

	at main.java.com.example.demo.UI.<init>(UI.java:15)
	... 34 more

Dump of callerThis
Object type = com.ibm.ws.webcontainer.servlet.ServletWrapper$1
  val$className = "main.java.com.example.demo.UI"
  val$servletClass = null
  val$loader = class com.ibm.ws.classloading.internal.ThreadContextClassLoader@7718c51d
    tc = class com.ibm.websphere.ras.TraceComponent@bf499d3
      strings[0] = "TraceComponent[com.ibm.ws.classloading.internal.ThreadContextClassLoader,class com.ibm.ws.classloading.internal.ThreadContextClassLoader,[ClassLoadingService],com.ibm.ws.classloading.internal.resources.ClassLoadingServiceMessages,null]"
    bundle = class java.util.concurrent.atomic.AtomicReference@d4c16e8
      serialVersionUID = "/* Could not access serialVersionUID */"
      VALUE = "/* Could not access VALUE */"
      value = "/* Could not access value */"
    key = "WebModule:ws#ws.war"
    refCount = class java.util.concurrent.atomic.AtomicInteger@26453389
      serialVersionUID = "/* Could not access serialVersionUID */"
      U = "/* Could not access U */"
      VALUE = "/* Could not access VALUE */"
      value = "/* Could not access value */"
      serialVersionUID = "/* Could not access serialVersionUID */"
    appLoader = class com.ibm.ws.classloading.internal.AppClassLoader@70508ed4
      tc = class com.ibm.websphere.ras.TraceComponent@37ae3db8
      forbiddenClassNames = class java.util.Collections$UnmodifiableSet@34ac8252
      FORBIDDEN_PROPERTIES = "forbidden.properties"
      disableSharedClassesCache = false
      PARENT_FIRST_SEARCH_ORDER = class java.util.Collections$UnmodifiableRandomAccessList@7bb80666
      packagesDefined = class java.util.Collections$SetFromMap@116cac9a
      CLASS_LOADING_TRACE_PREFIX = "com.ibm.ws.class.load."
      DEFAULT_PACKAGE = "default.package"
      perPackageClassLoadingTraceComponents = class java.util.concurrent.ConcurrentHashMap@418202f7
      config = class com.ibm.ws.classloading.internal.ClassLoaderConfigurationImpl@c4f52f8
      privateLibraries = null
      delegateLoaders = class com.ibm.ws.classloading.internal.util.CompositeIterable@37ffee21
      nativeLibraryFiles = class java.util.ArrayList@43839c38
      transformers = class java.util.ArrayList@1247bb05
      systemTransformers = class java.util.Collections$EmptyList@64e9f327
      apiAccess = class com.ibm.ws.classloading.internal.GatewayClassLoader@3e8ec544
      generator = class com.ibm.ws.classloading.internal.ClassGeneratorManager@2caf977d
      protectionDomains = class java.util.concurrent.ConcurrentHashMap@7392bc8c
      hook = null
      serialVersionUID = 9086765173324157410
      tc = class com.ibm.websphere.ras.TraceComponent@565edd4a
      smartClassPath = class com.ibm.ws.classloading.internal.ContainerClassLoader$SmartClassPathImpl@5c22ae68
      nativeLibraryContainers = class java.util.ArrayList@77790e00
      redefiner = class com.ibm.ws.classloading.internal.util.ClassRedefiner@27bd7bed
      jarProtocol = "wsjar:"
      mapCreationQueue = class java.util.concurrent.Executors$FinalizableDelegatedExecutorService@41add54a
      serialVersionUID = 2951229763174216470
      parent = class com.ibm.ws.classloading.internal.GatewayClassLoader@3e8ec544
      serialVersionUID = -5610156362562585411
      $$$tc$$$ = class com.ibm.websphere.ras.TraceComponent@19442232
      initialized = "/* Could not access initialized */"
      pdcache = "/* Could not access pdcache */"
      parent = "/* Could not access parent */"
      name = "/* Could not access name */"
      unnamedModule = "/* Could not access unnamedModule */"
      nameAndId = "/* Could not access nameAndId */"
      parallelLockMap = "/* Could not access parallelLockMap */"
      package2certs = "/* Could not access package2certs */"
      nocerts = "/* Could not access nocerts */"
      classes = "/* Could not access classes */"
      defaultDomain = "/* Could not access defaultDomain */"
      packages = "/* Could not access packages */"
      scl = "/* Could not access scl */"
      usr_paths = "/* Could not access usr_paths */"
      sys_paths = "/* Could not access sys_paths */"
      loadedLibraryNames = "/* Could not access loadedLibraryNames */"
      systemNativeLibraries = "/* Could not access systemNativeLibraries */"
      nativeLibraries = "/* Could not access nativeLibraries */"
      assertionLock = "/* Could not access assertionLock */"
      defaultAssertionStatus = "/* Could not access defaultAssertionStatus */"
      packageAssertionStatus = "/* Could not access packageAssertionStatus */"
      classAssertionStatus = "/* Could not access classAssertionStatus */"
      classLoaderValueMap = "/* Could not access classLoaderValueMap */"
      $assertionsDisabled = "/* Could not access $assertionsDisabled */"
    clSvc = class com.ibm.ws.classloading.internal.ClassLoadingServiceImpl@74684da2
      tc = class com.ibm.websphere.ras.TraceComponent@2392430e
      leakDetectionMap = class java.util.concurrent.ConcurrentHashMap@10e690d9
      appClassLoaders = class java.util.Collections$SetFromMap@33d81da
      TCCL_LOCK_WAIT = 15000
      REFERENCE_GENERATORS = "generators"
      tcclLockStore = class com.ibm.ws.kernel.service.util.KeyBasedLockStore@6c756c61
      bundleContext = class org.eclipse.osgi.internal.framework.BundleContextImpl@9de9234
      aclStore = class com.ibm.ws.classloading.internal.util.CanonicalStore@3c00e5ce
      tcclStore = class com.ibm.ws.classloading.internal.util.CanonicalStore@1844cacf
      digraph = class org.eclipse.equinox.internal.region.StandardRegionDigraph@7798bb4c
      redefiner = class com.ibm.ws.classloading.internal.util.ClassRedefiner@27bd7bed
      listener = class com.ibm.ws.classloading.internal.ClassLoadingServiceImpl$2@30c9c7ba
      classloaders = class java.util.Collections$SynchronizedMap@b5c7af8
      resourceProviders = class com.ibm.ws.classloading.internal.CompositeResourceProvider@35f0cbee
      rememberedBundles = class java.util.concurrent.ConcurrentHashMap@70054c7
      collectedBundles = class java.lang.ref.ReferenceQueue@798aa78a
      generatorRefs = class com.ibm.wsspi.kernel.service.utils.ConcurrentServiceReferenceSet@116989f9
      generatorManager = class com.ibm.ws.classloading.internal.ClassGeneratorManager@2caf977d
      appExtLibs = class java.util.concurrent.CopyOnWriteArrayList@22758f81
      globalConfig = class com.ibm.ws.classloading.configuration.GlobalClassloadingConfiguration@27564164
      systemTransformers = class java.util.concurrent.CopyOnWriteArrayList@b4c14f3
      isBeta = false
      metaInfServicesProviders = class java.util.concurrent.ConcurrentHashMap@56b77222
      metaInfServicesRefs = class com.ibm.wsspi.kernel.service.utils.ConcurrentServiceReferenceMap@5830e6f2
      protectionDomainMap = class java.util.HashMap@4d78d1f1
      metadataIdentifierService = class com.ibm.ws.container.service.metadata.internal.MetaDataServiceImpl@48158047
      globalSharedLibrary = class java.util.concurrent.atomic.AtomicReference@26f8bf21
      serialVersionUID = -6365496416129331432
    serialVersionUID = 7417331337980111787
    tc = class com.ibm.websphere.ras.TraceComponent@7ca6a2a6
      strings[0] = "TraceComponent[com.ibm.ws.classloading.internal.UnifiedClassLoader,class com.ibm.ws.classloading.internal.UnifiedClassLoader,[ClassLoadingService],com.ibm.ws.classloading.internal.resources.ClassLoadingServiceMessages,null]"
    followOnClassLoaders = class java.util.ArrayList@14c6067d
      serialVersionUID = "/* Could not access serialVersionUID */"
      DEFAULT_CAPACITY = "/* Could not access DEFAULT_CAPACITY */"
      EMPTY_ELEMENTDATA = "/* Could not access EMPTY_ELEMENTDATA */"
      DEFAULTCAPACITY_EMPTY_ELEMENTDATA = "/* Could not access DEFAULTCAPACITY_EMPTY_ELEMENTDATA */"
      elementData = "/* Could not access elementData */"
      size = "/* Could not access size */"
      MAX_ARRAY_SIZE = "/* Could not access MAX_ARRAY_SIZE */"
      modCount = "/* Could not access modCount */"
      MAX_ARRAY_SIZE = "/* Could not access MAX_ARRAY_SIZE */"
    serialVersionUID = 4255658571728280816
    parent = class com.ibm.ws.classloading.internal.GatewayClassLoader@46e10270
      config = class com.ibm.ws.classloading.internal.GatewayConfigurationImpl@4bb3ffbe
      wiringMonitor = class com.ibm.ws.classloading.internal.GatewayClassLoader$1@146b874c
      bundle = class org.eclipse.osgi.internal.framework.EquinoxBundle@171a6d8
      wiring = class org.eclipse.osgi.container.ModuleWiring@1f173b69
      cl = null
      bLoader = class org.eclipse.osgi.internal.loader.BundleLoader@7cf58e1d
      resourceProviders = class com.ibm.ws.classloading.internal.CompositeResourceProvider@35f0cbee
      serialVersionUID = -5503641212193211983
      $$$tc$$$ = class com.ibm.websphere.ras.TraceComponent@2eca85f7
      parent = "/* Could not access parent */"
      name = "/* Could not access name */"
      unnamedModule = "/* Could not access unnamedModule */"
      nameAndId = "/* Could not access nameAndId */"
      parallelLockMap = "/* Could not access parallelLockMap */"
      package2certs = "/* Could not access package2certs */"
      nocerts = "/* Could not access nocerts */"
      classes = "/* Could not access classes */"
      defaultDomain = "/* Could not access defaultDomain */"
      packages = "/* Could not access packages */"
      scl = "/* Could not access scl */"
      usr_paths = "/* Could not access usr_paths */"
      sys_paths = "/* Could not access sys_paths */"
      loadedLibraryNames = "/* Could not access loadedLibraryNames */"
      systemNativeLibraries = "/* Could not access systemNativeLibraries */"
      nativeLibraries = "/* Could not access nativeLibraries */"
      assertionLock = "/* Could not access assertionLock */"
      defaultAssertionStatus = "/* Could not access defaultAssertionStatus */"
      packageAssertionStatus = "/* Could not access packageAssertionStatus */"
      classAssertionStatus = "/* Could not access classAssertionStatus */"
      classLoaderValueMap = "/* Could not access classLoaderValueMap */"
      $assertionsDisabled = "/* Could not access $assertionsDisabled */"
    serialVersionUID = -5610156362562585411
    $$$tc$$$ = class com.ibm.websphere.ras.TraceComponent@19442232
      strings[0] = "TraceComponent[com.ibm.ws.classloading.internal.LibertyLoader,class com.ibm.ws.classloading.internal.LibertyLoader,[ClassLoadingService],com.ibm.ws.classloading.internal.resources.ClassLoadingServiceMessages,null]"
    initialized = "/* Could not access initialized */"
    pdcache = "/* Could not access pdcache */"
    parent = "/* Could not access parent */"
    name = "/* Could not access name */"
    unnamedModule = "/* Could not access unnamedModule */"
    nameAndId = "/* Could not access nameAndId */"
    parallelLockMap = "/* Could not access parallelLockMap */"
    package2certs = "/* Could not access package2certs */"
    nocerts = "/* Could not access nocerts */"
    classes = "/* Could not access classes */"
    defaultDomain = "/* Could not access defaultDomain */"
    packages = "/* Could not access packages */"
    scl = "/* Could not access scl */"
    usr_paths = "/* Could not access usr_paths */"
    sys_paths = "/* Could not access sys_paths */"
    loadedLibraryNames = "/* Could not access loadedLibraryNames */"
    systemNativeLibraries = "/* Could not access systemNativeLibraries */"
    nativeLibraries = "/* Could not access nativeLibraries */"
    assertionLock = "/* Could not access assertionLock */"
    defaultAssertionStatus = "/* Could not access defaultAssertionStatus */"
    packageAssertionStatus = "/* Could not access packageAssertionStatus */"
    classAssertionStatus = "/* Could not access classAssertionStatus */"
    classLoaderValueMap = "/* Could not access classLoaderValueMap */"
    $assertionsDisabled = "/* Could not access $assertionsDisabled */"
  val$servletName = "main.java.com.example.demo.UI"
  this$0 = class com.ibm.ws.webcontainer.osgi.servlet.ServletWrapper@771625f5
    serialVersionUID = 1
    _mo = null
    serialVersionUID = -4479626085298397598
    notifyInvocationListeners = false
    UNINITIALIZED_STATE = -1
    AVAILABLE_STATE = 0
    UNAVAILABLE_STATE = 1
    UNAVAILABLE_PERMANENTLY_STATE = 2
    collabHelper = class com.ibm.ws.webcontainer.osgi.collaborator.CollaboratorHelperImpl@6afaa702
      webAppInvCollabs = class java.util.Collections$UnmodifiableSet@286fd032
      securityDomainForApp = null
      logger = class com.ibm.ws.logging.internal.WsLogger@40b552ac
      staticDefaultSecurityCollaborator = class com.ibm.ws.webcontainer.collaborator.WebAppSecurityCollaborator@60f66394
      logger = class com.ibm.ws.logging.internal.WsLogger@469cc090
      CLASS_NAME = "com.ibm.wsspi.webcontainer.collaborator.CollaboratorHelper"
      webApp = class com.ibm.ws.webcontainer40.osgi.webapp.WebApp40@14829565
      securityCollaborator = class com.ibm.ws.webcontainer.collaborator.WebAppSecurityCollaborator@60f66394
      nameSpaceCollaborator = class com.ibm.ws.webcontainer.osgi.collaborator.WebAppNameSpaceCollaboratorImpl@5ed83fe5
      transactionCollaborator = class com.ibm.ws.webcontainer.collaborator.WebAppTransactionCollaborator@5527e704
      connectionCollaborator = class com.ibm.ws.webcontainer.collaborator.ConnectionHandleCollaborator@7cb4f577
      allCollabEnum = class java.util.RegularEnumSet@16492b38
      servlet_23_or_greater = true
      DEFER_SERVLET_REQUEST_LISTENER_DESTROY_ON_ERROR = false
    nServicing = class java.util.concurrent.atomic.AtomicInteger@eb8e363
      serialVersionUID = "/* Could not access serialVersionUID */"
      U = "/* Could not access U */"
      VALUE = "/* Could not access VALUE */"
      value = "/* Could not access value */"
      serialVersionUID = "/* Could not access serialVersionUID */"
    lastAccessTime = 1657636158139
    state = -1
    logger = class com.ibm.ws.logging.internal.WsLogger@9b9321
      ivCachedResourceBundleName = "com.ibm.ws.webcontainer.resources.Messages"
      ivCachedResourceBundle = class com.ibm.ws.webcontainer.resources.Messages_pt_BR@561473c2
      ivComponent = null
      ivOrganization = null
      ivProduct = null
      ivMinimumLocalizationLevelIntValue = 625
      ivTC = class com.ibm.websphere.ras.TraceComponent@2e81df28
      loggerRegistrationComponent = class java.lang.ThreadLocal@ec323
      emptyHandlers = "/* Could not access emptyHandlers */"
      offValue = "/* Could not access offValue */"
      SYSTEM_LOGGER_RB_NAME = "/* Could not access SYSTEM_LOGGER_RB_NAME */"
      SYSTEM_BUNDLE = "/* Could not access SYSTEM_BUNDLE */"
      NO_RESOURCE_BUNDLE = "/* Could not access NO_RESOURCE_BUNDLE */"
      config = "/* Could not access config */"
      manager = "/* Could not access manager */"
      name = "/* Could not access name */"
      loggerBundle = "/* Could not access loggerBundle */"
      anonymous = "/* Could not access anonymous */"
      catalog = "/* Could not access catalog */"
      catalogName = "/* Could not access catalogName */"
      catalogLocale = "/* Could not access catalogLocale */"
      treeLock = "/* Could not access treeLock */"
      parent = "/* Could not access parent */"
      kids = "/* Could not access kids */"
      callerModuleRef = "/* Could not access callerModuleRef */"
      isSystemLogger = "/* Could not access isSystemLogger */"
      GLOBAL_LOGGER_NAME = "global"
      global = class java.util.logging.Logger@444f746e
    CLASS_NAME = "com.ibm.ws.webcontainer.servlet.ServletWrapper"
    nls = class com.ibm.ejs.ras.TraceNLS@4971dbaa
      resolver = class com.ibm.ws.logging.internal.TraceNLSResolver@2b4c632f
      finder = null
      ivBundleName = "com.ibm.ws.webcontainer.resources.Messages"
      caller = class java.lang.Class@4c3e63e1
    servletConfig = class com.ibm.ws.webcontainer.servlet.ServletConfig@4d88df8d
      logger = class com.ibm.ws.logging.internal.WsLogger@9b9321
      CLASS_NAME = "com.ibm.ws.webcontainer.servlet.ServletConfig"
      nls = class com.ibm.ejs.ras.TraceNLS@77841c96
      liberty_nls = class com.ibm.ejs.ras.TraceNLS@5b8c4a6b
      enabled = true
      servletName = "main.java.com.example.demo.UI"
      className = "main.java.com.example.demo.UI"
      mappings = class java.util.ArrayList@48ad089e
      startUpWeight = -1
      DEFAULT_STARTUP = -1
      isCachingEnabled = true
      isStatisticsEnabled = true
      isInternal = false
      metaData = class com.ibm.ws.webcontainer.osgi.metadata.WebComponentMetaDataImpl@30a250e8
      singleThreadModelServlet = false
      isJsp = false
      webAppConfig = class com.ibm.ws.webcontainer.osgi.webapp.WebAppConfiguration@67958ac6
      servletWrapper = class com.ibm.ws.webcontainer.osgi.servlet.ServletWrapper@771625f5
      servletClass = null
      servlet = null
      addedToLoadOnStartup = true
      previousWeight = null
      multipartConfig = null
      multipartConfigBaseLocation = null
      runAsRole = null
      servletSecurityElement = null
      declareRolesAnnotation = null
      logger = class com.ibm.ws.logging.internal.WsLogger@9b9321
      CLASS_NAME = "com.ibm.ws.webcontainer.servlet.TargetConfig"
      initParams = null
      fileName = null
      displayName = null
      name = "main.java.com.example.demo.UI"
      description = null
      smallIcon = null
      largeIcon = null
      context = class com.ibm.ws.webcontainer40.facade.ServletContextFacade40@5ef35b4d
      className = null
      asyncSupported = false
      _id = "ServletGeneratedId1"
      _attributes = null
      serialVersionUID = 7511545662945734886
      $$$tc$$$ = class com.ibm.websphere.ras.TraceComponent@7ec2456d
    context = class com.ibm.ws.webcontainer40.osgi.webapp.WebApp40@14829565
      tc = class com.ibm.websphere.ras.TraceComponent@127502e6
      servlet40NLS = class com.ibm.ejs.ras.TraceNLS@7eba41f5
      CLASS_NAME = "com.ibm.ws.webcontainer40.osgi.webapp.WebApp40"
      defaultSessionTimeout = 30
      tc = class com.ibm.websphere.ras.TraceComponent@44dc6d1e
      CLASS_NAME = "com.ibm.ws.webcontainer31.osgi.webapp.WebApp31"
      servlet31NLS = class com.ibm.ejs.ras.TraceNLS@535801a9
      validListenerClasses = class java.lang.Class[7]
      wsocServHandler = null
      tc = class com.ibm.websphere.ras.TraceComponent@6f8d48ff
      CLASS_NAME = "com.ibm.ws.webcontainer.osgi.webapp.WebApp"
      metaDataService = class com.ibm.ws.container.service.metadata.internal.MetaDataServiceImpl@48158047
      namespacePopulated = false
      referenceContext = class com.ibm.ws.injectionengine.osgi.internal.OSGiReferenceContextImpl@4920edc7
      j2eeNameFactory = class com.ibm.ws.container.service.metadata.internal.J2EENameFactoryImpl@6490e66f
      moduleLoader = class com.ibm.ws.classloading.internal.AppClassLoader@70508ed4
      webAppConfig = class com.ibm.ws.webcontainer.osgi.webapp.WebAppConfiguration@67958ac6
      extensionProcessingDisabled = false
      managedObjectService = class com.ibm.ws.managedobject.internal.ManagedObjectServiceImpl@119ab294
      internalServletMetaData = interface com.ibm.wsspi.webcontainer.metadata.WebComponentMetaData[2]
      loginProcessor = null
      logoutProcessor = null
      collabHelper = class com.ibm.ws.webcontainer.osgi.collaborator.CollaboratorHelperImpl@6afaa702
      envObject = class com.ibm.ws.util.WSThreadLocal@7fb20cf5
      orderedLibPaths = class java.util.Collections$UnmodifiableRandomAccessList@4d003026
      perm = class com.ibm.websphere.security.WebSphereRuntimePermission@6bdedcc8
      WELCOME_FILE_LIST = "com.ibm.ws.webcontainer.config.WelcomeFileList"
      DIR_BROWSING_MAPPING = "__dirBrowsing__1657635107763"
      FILTER_PROXY_MAPPING = "/__filterProxy__1657635107763"
      logger = class com.ibm.ws.logging.internal.WsLogger@297da86
      CLASS_NAME = "com.ibm.ws.webcontainer.webapp.WebApp"
      loader = class com.ibm.ws.classloading.internal.ThreadContextClassLoader@7718c51d
      facade = class com.ibm.ws.webcontainer40.facade.ServletContextFacade40@5ef35b4d
      features = class java.util.ArrayList@6d2dab85
      applicationName = "ws"
      config = class com.ibm.ws.webcontainer.osgi.webapp.WebAppConfiguration@67958ac6
      securityEnabledForApp = false
      webExtensionProcessor = class com.ibm.ws.webcontainer.osgi.extension.WebExtensionProcessor@21602706
      production = true
      isServlet23 = true
      contextPath = "/"
      internalServletList = class [Ljava.lang.String;[2]
      BY_NAME_ONLY = "/_1657636158021_/"
      filterManager = class com.ibm.ws.webcontainer.osgi.filter.WebAppFilterManagerImpl@3a398a
      documentRoot = null
      SERVLET_API_VERSION = "Servlet 2.5"
      disableServletAuditLogging = -1
      serverInfo = "IBM WebSphere Liberty/22.0.0.7"
      sessionCtx = class com.ibm.ws.webcontainer31.session.impl.HttpSessionContext31Impl@4bdb8b
      eventSource = class com.ibm.ws.webcontainer.webapp.WebAppEventSource@456d8af5
      nls = class com.ibm.ejs.ras.TraceNLS@20b38493
      liberty_nls = class com.ibm.ejs.ras.TraceNLS@30dd999c
      error_nls = class com.ibm.ejs.ras.TraceNLS@617a0064
      sessionListeners = class java.util.ArrayList@3f331843
      sessionIdListeners = class java.util.ArrayList@318842a
      sessionAttrListeners = class java.util.ArrayList@5fd5ecac
      addedSessionListeners = class java.util.ArrayList@6e1dae12
      addedSessionAttrListeners = class java.util.ArrayList@49cb5292
      servletContextListeners = class java.util.ArrayList@e35b655
      servletContextLAttrListeners = class java.util.ArrayList@7ef59bb3
      servletRequestListeners = class java.util.ArrayList@7d1bd741
      servletRequestLAttrListeners = class java.util.ArrayList@6e5745b2
      prependSlashToResource = false
      destroyed = false
      webAppNameSpaceCollab = class com.ibm.ws.webcontainer.osgi.collaborator.WebAppNameSpaceCollaboratorImpl@5ed83fe5
      txCollab = class com.ibm.ws.webcontainer.collaborator.WebAppTransactionCollaborator@5527e704
      sessionActivationListeners = class java.util.ArrayList@4df3d133
      sessionBindingListeners = class java.util.ArrayList@1f89f33d
      scratchdir = null
      jspClassLoaderLimit = 0
      jspClassLoaderExclusionList = null
      jspClassLoadersMap = null
      jspClassLoaderLimitTrackIF = false
      defaultExtProc = null
      directoryBrowsingServlet = null
      cdiContexts = class java.util.concurrent.ConcurrentHashMap@682536a4
      moduleConfig = class com.ibm.ws.webcontainer.osgi.container.DeployedModule@3b8c08da
      extensionFactories = class java.util.ArrayList@6bcc148d
      initialized = true
      lock = class com.ibm.ws.webcontainer.webapp.WebApp$1@bd5eeb8
      afterServletContextCreated = false
      redirectContextRoot = false
      errorExceptionTypeFirst = false
      initFilterBeforeServletInit = false
      SET_400_SC_ON_TOO_MANY_PARENT_DIRS = false
      sortedServletConfigs = class java.util.ArrayList@4a046970
      effectiveMajorVersion = 3
      effectiveMinorVersion = 0
      canAddServletContextListener = true
      withinContextInitOfProgAddListener = false
      lastProgAddListenerInitialized = null
      webInfLibClassloader = null
      metaInfCache = class com.ibm.ws.webcontainer.webapp.WebApp$2@11157232
      useMetaInfCache = true
      SUN_CONFIGURE_LISTENER_CLASSNAME = "com.sun.faces.config.ConfigureListener"
      MYFACES_LIFECYCLE_LISTENER_CLASSNAME = "org.apache.myfaces.webapp.StartupServletContextListener"
      JSF_IMPL_ENABLED_PARAM = "com.ibm.ws.jsf.JSF_IMPL_ENABLED"
      JSF_IMPL_ENABLED_CUSTOM = "Custom"
      JSF_IMPL_ENABLED_NONE = "None"
      staticDocRoot = class com.ibm.ws.webcontainer.util.DocumentRootUtils@1af674e1
      jspDocRoot = class com.ibm.ws.webcontainer.util.DocumentRootUtils@3ef2f929
      container = class com.ibm.ws.adaptable.module.internal.AdaptableContainerImpl@205c3ee5
      metaInfResourceFinder = class com.ibm.ws.webcontainer.util.MetaInfResourceFinder@57d4486e
      postConstructMethods = class com.ibm.ws.webcontainer.webapp.WebApp$AnnotatedMethods@6d6a3444
      preDestroyMethods = class com.ibm.ws.webcontainer.webapp.WebApp$AnnotatedMethods@44920474
      OBJ_EMPTY = class java.lang.Object[0]
      CLASS_EMPTY = class java.lang.Class[0]
      checkpointPhase = null
      DEFAULT_JSP_EXTENSIONS = class java.util.ArrayList@6d80867e
      DEFER_SERVLET_REQUEST_LISTENER_DESTROY_ON_ERROR = false
      DO_ACCEPT_PARTIAL = true
      DO_NOT_ACCEPT_PARTIAL = false
      DO_ACCEPT_EXCLUDED = true
      DO_NOT_ACCEPT_EXCLUDED = false
      commands = class java.util.ArrayList@18622498
      requestMapper = class com.ibm.wsspi.webcontainer.util.URIMapper@2416fbc4
      parent = class com.ibm.ws.webcontainer.osgi.webapp.WebGroup@7073fa96
      name = "ws"
      isAlive = true
      subElements = null
      attributes = class java.util.concurrent.ConcurrentHashMap@19a93190
      config = null
      serialVersionUID = -8271459000149267764
      $$$tc$$$ = class com.ibm.websphere.ras.TraceComponent@5cea16c4
    target = null
    cacheWrappers = null
    targetLoader = class com.ibm.ws.classloading.internal.ThreadContextClassLoader@7718c51d
    evtSource = class com.ibm.ws.webcontainer.webapp.WebAppEventSource@456d8af5
      _invocationListeners = class com.ibm.ws.webcontainer.util.EventListeners@40f18783
      _servletListeners = class com.ibm.ws.webcontainer.util.EventListeners@1348a6ca
      _errorListeners = class com.ibm.ws.webcontainer.util.EventListeners@33707c73
      _applicationListeners = class com.ibm.ws.webcontainer.util.EventListeners@6c3f91ce
      _filterInvocationListeners = class com.ibm.ws.webcontainer.util.EventListeners@203ede55
      _filterListeners = class com.ibm.ws.webcontainer.util.EventListeners@7616526e
      _filterErrorListeners = class com.ibm.ws.webcontainer.util.EventListeners@46b52b3b
    event = null
    unavailableMessage = null
    unavailableUntil = -1
    isSTM = false
    internalServlet = false
    webAppInvocationCollaborators = null
    platformHelper = class com.ibm.ws.webcontainer.PlatformHelper@19330be2
    webAppNameSpaceCollab = class com.ibm.ws.webcontainer.osgi.collaborator.WebAppNameSpaceCollaboratorImpl@5ed83fe5
      cmdai = class com.ibm.ws.threadContext.ComponentMetaDataAccessorImpl@5e339fe7
    txCollab = class com.ibm.ws.webcontainer.collaborator.WebAppTransactionCollaborator@5527e704
      logger = class com.ibm.ws.logging.internal.WsLogger@40b552ac
      CLASS_NAME = "com.ibm.ws.webcontainer.collaborator.WebAppTransactionCollaborator"
    connCollab = class com.ibm.ws.webcontainer.collaborator.ConnectionHandleCollaborator@7cb4f577
      tc = class com.ibm.websphere.ras.TraceComponent@3dd4375e
      threadContext = class com.ibm.ws.threadContext.ThreadContextImpl@64644129
    suppressServletExceptionLogging = false
    throwExceptionEnum = class java.util.RegularEnumSet@62e1b251
      serialVersionUID = "/* Could not access serialVersionUID */"
      elements = "/* Could not access elements */"
      elementType = "/* Could not access elementType */"
      universe = "/* Could not access universe */"
      MAX_ARRAY_SIZE = "/* Could not access MAX_ARRAY_SIZE */"
    discernUnavailableServlet = false
    reInitServletonInitUnavailableException = true
    destroyServletonServiceUnavailableException = false
    servlet23 = true
    PARAMS_HEAD_TRACE = class java.lang.Class[2]
      Class[0] = class java.lang.Class@1201594d
      Class[1] = class java.lang.Class@3d1e6cf6
    defaultHeadMethodInUse = false
    defaultTraceMethodInUse = false
    checkedForDefaultMethods = null
    defaultTraceRequestBehavior = false
    defaultHeadRequestBehavior = false
    useOriginalRequestState = false
    warningStatusSet = false
    LSTRING_FILE = "javax.servlet.LocalStrings"
    lStrings = class java.util.PropertyResourceBundle@53d035e6
      encoding = "/* Could not access encoding */"
      lookup = "/* Could not access lookup */"
      INITIAL_CACHE_SIZE = "/* Could not access INITIAL_CACHE_SIZE */"
      NONEXISTENT_BUNDLE = "/* Could not access NONEXISTENT_BUNDLE */"
      cacheList = "/* Could not access cacheList */"
      referenceQueue = "/* Could not access referenceQueue */"
      parent = "/* Could not access parent */"
      locale = "/* Could not access locale */"
      name = "/* Could not access name */"
      expired = "/* Could not access expired */"
      cacheKey = "/* Could not access cacheKey */"
      keySet = "/* Could not access keySet */"
      UNKNOWN_FORMAT = "/* Could not access UNKNOWN_FORMAT */"
      TRACE_ON = "/* Could not access TRACE_ON */"
      $assertionsDisabled = "/* Could not access $assertionsDisabled */"
    config = null

