------Start of DE processing------ = [12/07/2022 11:33:05:376 BRT]
Exception = java.lang.ArrayIndexOutOfBoundsException
Source = com.ibm.ws.annocache.info.internal.InfoStoreImpl
probeid = 254
Stack Dump = java.lang.ArrayIndexOutOfBoundsException: Index 6 out of bounds for length 0
	at org.objectweb.asm.ClassReader.readShort(ClassReader.java:3608)
	at org.objectweb.asm.ClassReader.<init>(ClassReader.java:197)
	at org.objectweb.asm.ClassReader.<init>(ClassReader.java:180)
	at org.objectweb.asm.ClassReader.<init>(ClassReader.java:166)
	at org.objectweb.asm.ClassReader.<init>(ClassReader.java:287)
	at com.ibm.ws.annocache.info.internal.InfoStoreImpl.scanNewClass(InfoStoreImpl.java:252)
	at com.ibm.ws.annocache.info.internal.InfoStoreImpl.scanNewClass(InfoStoreImpl.java:197)
	at com.ibm.ws.annocache.info.internal.ClassInfoCacheImpl.scanPackage(ClassInfoCacheImpl.java:163)
	at com.ibm.ws.annocache.info.internal.ClassInfoCacheImpl.getPackageInfo(ClassInfoCacheImpl.java:268)
	at com.ibm.ws.annocache.info.internal.InfoStoreImpl.getPackageInfo(InfoStoreImpl.java:345)
	at com.ibm.ws.annocache.info.internal.NonDelayedClassInfoImpl.getPackage(NonDelayedClassInfoImpl.java:169)
	at com.ibm.ws.annocache.info.internal.NonDelayedClassInfoImpl.getPackage(NonDelayedClassInfoImpl.java:35)
	at com.ibm.ws.jaxws.utils.JaxWsUtils.getNamespace(JaxWsUtils.java:427)
	at com.ibm.ws.jaxws.utils.JaxWsUtils.getImplementedTargetNamespace(JaxWsUtils.java:199)
	at com.ibm.ws.jaxws.metadata.builder.AnnotationEndpointInfoConfigurator.config(AnnotationEndpointInfoConfigurator.java:75)
	at com.ibm.ws.jaxws.metadata.builder.EndpointInfoBuilder.invokeConfigurators(EndpointInfoBuilder.java:116)
	at com.ibm.ws.jaxws.metadata.builder.EndpointInfoBuilder.build(EndpointInfoBuilder.java:95)
	at com.ibm.ws.jaxws.web.WebJaxWsModuleInfoBuilder.build(WebJaxWsModuleInfoBuilder.java:188)
	at com.ibm.ws.jaxws.support.JaxWsModuleMetaDataListener.extendModuleMetaData(JaxWsModuleMetaDataListener.java:100)
	at com.ibm.ws.app.manager.module.internal.SimpleDeployedAppInfoBase$ModuleContainerInfoBase.createModuleMetaData(SimpleDeployedAppInfoBase.java:198)
	at com.ibm.ws.app.manager.module.internal.SimpleDeployedAppInfoBase.preDeployApp(SimpleDeployedAppInfoBase.java:532)
	at com.ibm.ws.app.manager.module.internal.SimpleDeployedAppInfoBase.installApp(SimpleDeployedAppInfoBase.java:508)
	at com.ibm.ws.app.manager.module.internal.DeployedAppInfoBase.deployApp(DeployedAppInfoBase.java:349)
	at com.ibm.ws.app.manager.war.internal.WARApplicationHandlerImpl.install(WARApplicationHandlerImpl.java:65)
	at com.ibm.ws.app.manager.internal.statemachine.StartAction.execute(StartAction.java:161)
	at com.ibm.ws.app.manager.internal.statemachine.ApplicationStateMachineImpl.enterState(ApplicationStateMachineImpl.java:1357)
	at com.ibm.ws.app.manager.internal.statemachine.ApplicationStateMachineImpl.performAction(ApplicationStateMachineImpl.java:1222)
	at com.ibm.ws.app.manager.internal.statemachine.ApplicationStateMachineImpl.run(ApplicationStateMachineImpl.java:909)
	at com.ibm.ws.threading.internal.ExecutorServiceImpl$RunnableWrapper.run(ExecutorServiceImpl.java:245)
	at java.base/java.util.concurrent.ThreadPoolExecutor.runWorker(ThreadPoolExecutor.java:1128)
	at java.base/java.util.concurrent.ThreadPoolExecutor$Worker.run(ThreadPoolExecutor.java:628)
	at java.base/java.lang.Thread.run(Thread.java:834)

Dump of callerThis
Object type = com.ibm.ws.annocache.info.internal.InfoStoreImpl
  logger = class com.ibm.ws.logging.internal.WsLogger@4a439ada
    ivCachedResourceBundleName = null
    ivCachedResourceBundle = null
    ivComponent = null
    ivOrganization = null
    ivProduct = null
    ivMinimumLocalizationLevelIntValue = 625
    ivTC = class com.ibm.websphere.ras.TraceComponent@5284024c
      strings[0] = "TraceComponent[com.ibm.ws.annocache.info,class com.ibm.ws.annocache.info.internal.InfoStoreFactoryImpl,[com.ibm.ws.annocache.info],null,null]"
    loggerRegistrationComponent = class java.lang.ThreadLocal@ec323
      threadLocalHashCode = "/* Could not access threadLocalHashCode */"
      nextHashCode = "/* Could not access nextHashCode */"
      HASH_INCREMENT = "/* Could not access HASH_INCREMENT */"
    emptyHandlers = "/* Could not access emptyHandlers */"
    offValue = "/* Could not access offValue */"
    SYSTEM_LOGGER_RB_NAME = "/* Could not access SYSTEM_LOGGER_RB_NAME */"
    SYSTEM_BUNDLE = "/* Could not access SYSTEM_BUNDLE */"
    NO_RESOURCE_BUNDLE = "/* Could not access NO_RESOURCE_BUNDLE */"
    config = "/* Could not access config */"
    manager = "/* Could not access manager */"
    name = "/* Could not access name */"
    loggerBundle = "/* Could not access loggerBundle */"
    anonymous = "/* Could not access anonymous */"
    catalog = "/* Could not access catalog */"
    catalogName = "/* Could not access catalogName */"
    catalogLocale = "/* Could not access catalogLocale */"
    treeLock = "/* Could not access treeLock */"
    parent = "/* Could not access parent */"
    kids = "/* Could not access kids */"
    callerModuleRef = "/* Could not access callerModuleRef */"
    isSystemLogger = "/* Could not access isSystemLogger */"
    GLOBAL_LOGGER_NAME = "global"
    global = class java.util.logging.Logger@444f746e
      emptyHandlers = "/* Could not access emptyHandlers */"
      offValue = "/* Could not access offValue */"
      SYSTEM_LOGGER_RB_NAME = "/* Could not access SYSTEM_LOGGER_RB_NAME */"
      SYSTEM_BUNDLE = "/* Could not access SYSTEM_BUNDLE */"
      NO_RESOURCE_BUNDLE = "/* Could not access NO_RESOURCE_BUNDLE */"
      config = "/* Could not access config */"
      manager = "/* Could not access manager */"
      name = "/* Could not access name */"
      loggerBundle = "/* Could not access loggerBundle */"
      anonymous = "/* Could not access anonymous */"
      catalog = "/* Could not access catalog */"
      catalogName = "/* Could not access catalogName */"
      catalogLocale = "/* Could not access catalogLocale */"
      treeLock = "/* Could not access treeLock */"
      parent = "/* Could not access parent */"
      kids = "/* Could not access kids */"
      callerModuleRef = "/* Could not access callerModuleRef */"
      isSystemLogger = "/* Could not access isSystemLogger */"
      GLOBAL_LOGGER_NAME = "global"
      global = class java.util.logging.Logger@444f746e
  stateLogger = class com.ibm.ws.logging.internal.WsLogger@67e401ed
    ivCachedResourceBundleName = null
    ivCachedResourceBundle = null
    ivComponent = null
    ivOrganization = null
    ivProduct = null
    ivMinimumLocalizationLevelIntValue = 625
    ivTC = class com.ibm.websphere.ras.TraceComponent@744a604c
      strings[0] = "TraceComponent[com.ibm.ws.annocache.info.state,class com.ibm.ws.annocache.info.internal.InfoStoreImpl,[com.ibm.ws.annocache.info.state],null,null]"
    loggerRegistrationComponent = class java.lang.ThreadLocal@ec323
    emptyHandlers = "/* Could not access emptyHandlers */"
    offValue = "/* Could not access offValue */"
    SYSTEM_LOGGER_RB_NAME = "/* Could not access SYSTEM_LOGGER_RB_NAME */"
    SYSTEM_BUNDLE = "/* Could not access SYSTEM_BUNDLE */"
    NO_RESOURCE_BUNDLE = "/* Could not access NO_RESOURCE_BUNDLE */"
    config = "/* Could not access config */"
    manager = "/* Could not access manager */"
    name = "/* Could not access name */"
    loggerBundle = "/* Could not access loggerBundle */"
    anonymous = "/* Could not access anonymous */"
    catalog = "/* Could not access catalog */"
    catalogName = "/* Could not access catalogName */"
    catalogLocale = "/* Could not access catalogLocale */"
    treeLock = "/* Could not access treeLock */"
    parent = "/* Could not access parent */"
    kids = "/* Could not access kids */"
    callerModuleRef = "/* Could not access callerModuleRef */"
    isSystemLogger = "/* Could not access isSystemLogger */"
    GLOBAL_LOGGER_NAME = "global"
    global = class java.util.logging.Logger@444f746e
  CLASS_NAME = "InfoStoreImpl"
  hashText = "InfoStoreImpl@1ba10b0b"
  infoStoreFactory = class com.ibm.ws.annocache.info.internal.InfoStoreFactoryImpl@35fa9387
    logger = class com.ibm.ws.logging.internal.WsLogger@4a439ada
    CLASS_NAME = "InfoStoreFactoryImpl"
    hashText = "InfoStoreFactoryImpl@35fa9387"
    utilFactory = class com.ibm.ws.annocache.util.internal.UtilImpl_Factory@5f5238d
      logger = class com.ibm.ws.logging.internal.WsLogger@758054ac
      CLASS_NAME = "UtilImpl_Factory"
      hashText = "UtilImpl_Factory@5f5238d"
      DO_RECORD_ADDED = true
      DO_NOT_RECORD_ADDED = false
      DO_RECORD_REMOVED = true
      DO_NOT_RECORD_REMOVED = false
      DO_RECORD_CHANGED = true
      DO_NOT_RECORD_CHANGED = false
      DO_RECORD_STILL = true
      DO_NOT_RECORD_STILL = false
      ZERO_ADDED = 0
      ZERO_REMOVED = 0
      ZERO_CHANGED = 0
      ZERO_STILL = 0
      ANY_NUMBER_OF_ADDED = -1
      ANY_NUMBER_OF_REMOVED = -1
      ANY_NUMBER_OF_CHANGED = -1
      ANY_NUMBER_OF_STILL = -1
      AS_ADDED = true
      AS_REMOVED = false
      serialVersionUID = -7506346230910368202
    serialVersionUID = -6877463853184206313
  classSource = class com.ibm.ws.annocache.classsource.internal.ClassSourceImpl_Aggregate@645dd187
    logger = class com.ibm.ws.logging.internal.WsLogger@5e7f55b4
      ivCachedResourceBundleName = null
      ivCachedResourceBundle = null
      ivComponent = null
      ivOrganization = null
      ivProduct = null
      ivMinimumLocalizationLevelIntValue = 625
      ivTC = class com.ibm.websphere.ras.TraceComponent@24bd60f8
      loggerRegistrationComponent = class java.lang.ThreadLocal@ec323
      emptyHandlers = "/* Could not access emptyHandlers */"
      offValue = "/* Could not access offValue */"
      SYSTEM_LOGGER_RB_NAME = "/* Could not access SYSTEM_LOGGER_RB_NAME */"
      SYSTEM_BUNDLE = "/* Could not access SYSTEM_BUNDLE */"
      NO_RESOURCE_BUNDLE = "/* Could not access NO_RESOURCE_BUNDLE */"
      config = "/* Could not access config */"
      manager = "/* Could not access manager */"
      name = "/* Could not access name */"
      loggerBundle = "/* Could not access loggerBundle */"
      anonymous = "/* Could not access anonymous */"
      catalog = "/* Could not access catalog */"
      catalogName = "/* Could not access catalogName */"
      catalogLocale = "/* Could not access catalogLocale */"
      treeLock = "/* Could not access treeLock */"
      parent = "/* Could not access parent */"
      kids = "/* Could not access kids */"
      callerModuleRef = "/* Could not access callerModuleRef */"
      isSystemLogger = "/* Could not access isSystemLogger */"
      GLOBAL_LOGGER_NAME = "global"
      global = class java.util.logging.Logger@444f746e
    stateLogger = class com.ibm.ws.logging.internal.WsLogger@4b5571dc
      ivCachedResourceBundleName = null
      ivCachedResourceBundle = null
      ivComponent = null
      ivOrganization = null
      ivProduct = null
      ivMinimumLocalizationLevelIntValue = 625
      ivTC = class com.ibm.websphere.ras.TraceComponent@517d5a9b
      loggerRegistrationComponent = class java.lang.ThreadLocal@ec323
      emptyHandlers = "/* Could not access emptyHandlers */"
      offValue = "/* Could not access offValue */"
      SYSTEM_LOGGER_RB_NAME = "/* Could not access SYSTEM_LOGGER_RB_NAME */"
      SYSTEM_BUNDLE = "/* Could not access SYSTEM_BUNDLE */"
      NO_RESOURCE_BUNDLE = "/* Could not access NO_RESOURCE_BUNDLE */"
      config = "/* Could not access config */"
      manager = "/* Could not access manager */"
      name = "/* Could not access name */"
      loggerBundle = "/* Could not access loggerBundle */"
      anonymous = "/* Could not access anonymous */"
      catalog = "/* Could not access catalog */"
      catalogName = "/* Could not access catalogName */"
      catalogLocale = "/* Could not access catalogLocale */"
      treeLock = "/* Could not access treeLock */"
      parent = "/* Could not access parent */"
      kids = "/* Could not access kids */"
      callerModuleRef = "/* Could not access callerModuleRef */"
      isSystemLogger = "/* Could not access isSystemLogger */"
      GLOBAL_LOGGER_NAME = "global"
      global = class java.util.logging.Logger@444f746e
    jandexLogger = class com.ibm.ws.logging.internal.WsLogger@64c68d95
      ivCachedResourceBundleName = null
      ivCachedResourceBundle = null
      ivComponent = null
      ivOrganization = null
      ivProduct = null
      ivMinimumLocalizationLevelIntValue = 625
      ivTC = class com.ibm.websphere.ras.TraceComponent@22df6e74
      loggerRegistrationComponent = class java.lang.ThreadLocal@ec323
      emptyHandlers = "/* Could not access emptyHandlers */"
      offValue = "/* Could not access offValue */"
      SYSTEM_LOGGER_RB_NAME = "/* Could not access SYSTEM_LOGGER_RB_NAME */"
      SYSTEM_BUNDLE = "/* Could not access SYSTEM_BUNDLE */"
      NO_RESOURCE_BUNDLE = "/* Could not access NO_RESOURCE_BUNDLE */"
      config = "/* Could not access config */"
      manager = "/* Could not access manager */"
      name = "/* Could not access name */"
      loggerBundle = "/* Could not access loggerBundle */"
      anonymous = "/* Could not access anonymous */"
      catalog = "/* Could not access catalog */"
      catalogName = "/* Could not access catalogName */"
      catalogLocale = "/* Could not access catalogLocale */"
      treeLock = "/* Could not access treeLock */"
      parent = "/* Could not access parent */"
      kids = "/* Could not access kids */"
      callerModuleRef = "/* Could not access callerModuleRef */"
      isSystemLogger = "/* Could not access isSystemLogger */"
      GLOBAL_LOGGER_NAME = "global"
      global = class java.util.logging.Logger@444f746e
    CLASS_NAME = "ClassSourceImpl_Aggregate"
    hashText = "ClassSourceImpl_Aggregate@645dd187(ws:ws:null)"
    options = class com.ibm.ws.annocache.classsource.internal.ClassSourceImpl_Options@34100da
      CLASS_NAME = "ClassSourceImpl_Options"
      USE_JANDEX_OVERRIDE = null
      HAS_JANDEX_PATH_OVERRIDE = false
      JANDEX_PATH_OVERRIDE = "META-INF/jandex.idx"
      HAS_SCAN_THREADS_OVERRIDE = false
      SCAN_THREADS_OVERRIDE = 1
      useJandex = false
      isSetJandexPath = false
      jandexPath = "META-INF/jandex.idx"
      isSetScanThreads = false
      scanThreads = 1
      serialVersionUID = 6298948239364426260
      $$$tc$$$ = class com.ibm.websphere.ras.TraceComponent@75f15128
    factory = class com.ibm.ws.annocache.classsource.internal.ClassSourceImpl_Factory@55a5a97a
      logger = class com.ibm.ws.logging.internal.WsLogger@5e7f55b4
      CLASS_NAME = "ClassSourceImpl_Factory"
      hashText = "ClassSourceImpl_Factory@55a5a97a"
      bundleEntryUrlConverter = class org.eclipse.osgi.storage.url.BundleURLConverter@6bacf63e
      utilFactory = class com.ibm.ws.annocache.util.internal.UtilImpl_Factory@5f5238d
      serialVersionUID = -7830745105939504969
    internMap = class com.ibm.ws.annocache.util.internal.UtilImpl_InternMap@72c10fbb
      logger = class com.ibm.ws.logging.internal.WsLogger@758054ac
      stateLogger = class com.ibm.ws.logging.internal.WsLogger@7eb40fcc
      CLASS_NAME = "UtilImpl_InternMap"
      hashText = "UtilImpl_InternMap@72c10fbb(classes and packages)"
      DEFAULT_LOG_THRESHHOLD = 4096
      logThreshHold = 4096
      factory = class com.ibm.ws.annocache.util.internal.UtilImpl_Factory@5f5238d
      valueType = class com.ibm.wsspi.anno.util.Util_InternMap$ValueType@5c80f0cb
      checkValues = false
      name = "classes and packages"
      internMap = class java.util.HashMap@1ab87dc2
      lastReportedLength = 0
      totalLength = 231
      serialVersionUID = 7521068492676515558
    applicationName = "ws"
    moduleName = "ws"
    moduleCategoryName = null
    openCount = 1
    successfulOpens = class java.util.ArrayList@27b727f3
      serialVersionUID = "/* Could not access serialVersionUID */"
      DEFAULT_CAPACITY = "/* Could not access DEFAULT_CAPACITY */"
      EMPTY_ELEMENTDATA = "/* Could not access EMPTY_ELEMENTDATA */"
      DEFAULTCAPACITY_EMPTY_ELEMENTDATA = "/* Could not access DEFAULTCAPACITY_EMPTY_ELEMENTDATA */"
      elementData = "/* Could not access elementData */"
      size = "/* Could not access size */"
      MAX_ARRAY_SIZE = "/* Could not access MAX_ARRAY_SIZE */"
      modCount = "/* Could not access modCount */"
      MAX_ARRAY_SIZE = "/* Could not access MAX_ARRAY_SIZE */"
    failedOpens = class java.util.ArrayList@470c6948
      serialVersionUID = "/* Could not access serialVersionUID */"
      DEFAULT_CAPACITY = "/* Could not access DEFAULT_CAPACITY */"
      EMPTY_ELEMENTDATA = "/* Could not access EMPTY_ELEMENTDATA */"
      DEFAULTCAPACITY_EMPTY_ELEMENTDATA = "/* Could not access DEFAULTCAPACITY_EMPTY_ELEMENTDATA */"
      elementData = "/* Could not access elementData */"
      size = "/* Could not access size */"
      MAX_ARRAY_SIZE = "/* Could not access MAX_ARRAY_SIZE */"
      modCount = "/* Could not access modCount */"
      MAX_ARRAY_SIZE = "/* Could not access MAX_ARRAY_SIZE */"
    classSources = class java.util.ArrayList@17f6ee19
      serialVersionUID = "/* Could not access serialVersionUID */"
      DEFAULT_CAPACITY = "/* Could not access DEFAULT_CAPACITY */"
      EMPTY_ELEMENTDATA = "/* Could not access EMPTY_ELEMENTDATA */"
      DEFAULTCAPACITY_EMPTY_ELEMENTDATA = "/* Could not access DEFAULTCAPACITY_EMPTY_ELEMENTDATA */"
      elementData = "/* Could not access elementData */"
      size = "/* Could not access size */"
      MAX_ARRAY_SIZE = "/* Could not access MAX_ARRAY_SIZE */"
      modCount = "/* Could not access modCount */"
      MAX_ARRAY_SIZE = "/* Could not access MAX_ARRAY_SIZE */"
    classSourceNames = class java.util.HashMap@1cba7bed
      serialVersionUID = "/* Could not access serialVersionUID */"
      DEFAULT_INITIAL_CAPACITY = "/* Could not access DEFAULT_INITIAL_CAPACITY */"
      MAXIMUM_CAPACITY = "/* Could not access MAXIMUM_CAPACITY */"
      DEFAULT_LOAD_FACTOR = "/* Could not access DEFAULT_LOAD_FACTOR */"
      TREEIFY_THRESHOLD = "/* Could not access TREEIFY_THRESHOLD */"
      UNTREEIFY_THRESHOLD = "/* Could not access UNTREEIFY_THRESHOLD */"
      MIN_TREEIFY_CAPACITY = "/* Could not access MIN_TREEIFY_CAPACITY */"
      table = "/* Could not access table */"
      entrySet = "/* Could not access entrySet */"
      size = "/* Could not access size */"
      modCount = "/* Could not access modCount */"
      threshold = "/* Could not access threshold */"
      loadFactor = "/* Could not access loadFactor */"
      keySet = "/* Could not access keySet */"
      values = "/* Could not access values */"
    internalSourceCount = 19
    seedClassSources = class java.util.HashSet@2ac4f36
      serialVersionUID = "/* Could not access serialVersionUID */"
      map = "/* Could not access map */"
      PRESENT = "/* Could not access PRESENT */"
      MAX_ARRAY_SIZE = "/* Could not access MAX_ARRAY_SIZE */"
    partialClassSources = class java.util.HashSet@26ce3002
      serialVersionUID = "/* Could not access serialVersionUID */"
      map = "/* Could not access map */"
      PRESENT = "/* Could not access PRESENT */"
      MAX_ARRAY_SIZE = "/* Could not access MAX_ARRAY_SIZE */"
    excludedClassSources = class java.util.HashSet@6e884e4
      serialVersionUID = "/* Could not access serialVersionUID */"
      map = "/* Could not access map */"
      PRESENT = "/* Could not access PRESENT */"
      MAX_ARRAY_SIZE = "/* Could not access MAX_ARRAY_SIZE */"
    externalClassSources = class java.util.HashSet@4942f2c7
      serialVersionUID = "/* Could not access serialVersionUID */"
      map = "/* Could not access map */"
      PRESENT = "/* Could not access PRESENT */"
      MAX_ARRAY_SIZE = "/* Could not access MAX_ARRAY_SIZE */"
    totalLookups = 8
    repeatLookups = 0
    i_lookupCounts = class java.util.IdentityHashMap@2977c126
      DEFAULT_CAPACITY = "/* Could not access DEFAULT_CAPACITY */"
      MINIMUM_CAPACITY = "/* Could not access MINIMUM_CAPACITY */"
      MAXIMUM_CAPACITY = "/* Could not access MAXIMUM_CAPACITY */"
      table = "/* Could not access table */"
      size = "/* Could not access size */"
      modCount = "/* Could not access modCount */"
      NULL_KEY = "/* Could not access NULL_KEY */"
      entrySet = "/* Could not access entrySet */"
      serialVersionUID = "/* Could not access serialVersionUID */"
      keySet = "/* Could not access keySet */"
      values = "/* Could not access values */"
    i_globalResults = class java.util.IdentityHashMap@7eeeaa2a
      DEFAULT_CAPACITY = "/* Could not access DEFAULT_CAPACITY */"
      MINIMUM_CAPACITY = "/* Could not access MINIMUM_CAPACITY */"
      MAXIMUM_CAPACITY = "/* Could not access MAXIMUM_CAPACITY */"
      table = "/* Could not access table */"
      size = "/* Could not access size */"
      modCount = "/* Could not access modCount */"
      NULL_KEY = "/* Could not access NULL_KEY */"
      entrySet = "/* Could not access entrySet */"
      serialVersionUID = "/* Could not access serialVersionUID */"
      keySet = "/* Could not access keySet */"
      values = "/* Could not access values */"
    i_failedLookups = class java.util.IdentityHashMap@3c63deb7
      DEFAULT_CAPACITY = "/* Could not access DEFAULT_CAPACITY */"
      MINIMUM_CAPACITY = "/* Could not access MINIMUM_CAPACITY */"
      MAXIMUM_CAPACITY = "/* Could not access MAXIMUM_CAPACITY */"
      table = "/* Could not access table */"
      size = "/* Could not access size */"
      modCount = "/* Could not access modCount */"
      NULL_KEY = "/* Could not access NULL_KEY */"
      entrySet = "/* Could not access entrySet */"
      serialVersionUID = "/* Could not access serialVersionUID */"
      keySet = "/* Could not access keySet */"
      values = "/* Could not access values */"
    i_firstSuccesses = class java.util.IdentityHashMap@6269d736
      DEFAULT_CAPACITY = "/* Could not access DEFAULT_CAPACITY */"
      MINIMUM_CAPACITY = "/* Could not access MINIMUM_CAPACITY */"
      MAXIMUM_CAPACITY = "/* Could not access MAXIMUM_CAPACITY */"
      table = "/* Could not access table */"
      size = "/* Could not access size */"
      modCount = "/* Could not access modCount */"
      NULL_KEY = "/* Could not access NULL_KEY */"
      entrySet = "/* Could not access entrySet */"
      serialVersionUID = "/* Could not access serialVersionUID */"
      keySet = "/* Could not access keySet */"
      values = "/* Could not access values */"
    cacheReadTime = 530511485
    cacheWriteTime = 1115688588
    timingData = null
    serialVersionUID = -1471546409106125551
  classInfoCache = class com.ibm.ws.annocache.info.internal.ClassInfoCacheImpl@2fe6ac1e
    logger = class com.ibm.ws.logging.internal.WsLogger@4a439ada
    CLASS_NAME = "ClassInfoCacheImpl"
    hashText = "ClassInfoCacheImpl@2fe6ac1e"
    infoStore = class com.ibm.ws.annocache.info.internal.InfoStoreImpl@1ba10b0b
    descriptionInternMap = class com.ibm.ws.annocache.util.internal.UtilImpl_InternMap@4228fd3d
      logger = class com.ibm.ws.logging.internal.WsLogger@758054ac
      stateLogger = class com.ibm.ws.logging.internal.WsLogger@7eb40fcc
      CLASS_NAME = "UtilImpl_InternMap"
      hashText = "UtilImpl_InternMap@4228fd3d(DescriptionMap)"
      DEFAULT_LOG_THRESHHOLD = 4096
      logThreshHold = 4096
      factory = class com.ibm.ws.annocache.util.internal.UtilImpl_Factory@5f5238d
      valueType = class com.ibm.wsspi.anno.util.Util_InternMap$ValueType@267439f
      checkValues = false
      name = "DescriptionMap"
      internMap = class java.util.HashMap@10e9d3d5
      lastReportedLength = 0
      totalLength = 746
      serialVersionUID = 7521068492676515558
    packageNameInternMap = class com.ibm.ws.annocache.util.internal.UtilImpl_InternMap@431e244b
      logger = class com.ibm.ws.logging.internal.WsLogger@758054ac
      stateLogger = class com.ibm.ws.logging.internal.WsLogger@7eb40fcc
      CLASS_NAME = "UtilImpl_InternMap"
      hashText = "UtilImpl_InternMap@431e244b(PackageNameMap)"
      DEFAULT_LOG_THRESHHOLD = 4096
      logThreshHold = 4096
      factory = class com.ibm.ws.annocache.util.internal.UtilImpl_Factory@5f5238d
      valueType = class com.ibm.wsspi.anno.util.Util_InternMap$ValueType@5c80f0cb
      checkValues = false
      name = "PackageNameMap"
      internMap = class java.util.HashMap@65ae58ee
      lastReportedLength = 0
      totalLength = 119
      serialVersionUID = 7521068492676515558
    classNameInternMap = class com.ibm.ws.annocache.util.internal.UtilImpl_InternMap@50749670
      logger = class com.ibm.ws.logging.internal.WsLogger@758054ac
      stateLogger = class com.ibm.ws.logging.internal.WsLogger@7eb40fcc
      CLASS_NAME = "UtilImpl_InternMap"
      hashText = "UtilImpl_InternMap@50749670(ClassNameMap)"
      DEFAULT_LOG_THRESHHOLD = 4096
      logThreshHold = 4096
      factory = class com.ibm.ws.annocache.util.internal.UtilImpl_Factory@5f5238d
      valueType = class com.ibm.wsspi.anno.util.Util_InternMap$ValueType@5c80f0cb
      checkValues = false
      name = "ClassNameMap"
      internMap = class java.util.HashMap@707c5c0a
      lastReportedLength = 0
      totalLength = 821
      serialVersionUID = 7521068492676515558
    fieldNameInternMap = class com.ibm.ws.annocache.util.internal.UtilImpl_InternMap@4ae8463c
      logger = class com.ibm.ws.logging.internal.WsLogger@758054ac
      stateLogger = class com.ibm.ws.logging.internal.WsLogger@7eb40fcc
      CLASS_NAME = "UtilImpl_InternMap"
      hashText = "UtilImpl_InternMap@4ae8463c(FieldNameMap)"
      DEFAULT_LOG_THRESHHOLD = 4096
      logThreshHold = 4096
      factory = class com.ibm.ws.annocache.util.internal.UtilImpl_Factory@5f5238d
      valueType = class com.ibm.wsspi.anno.util.Util_InternMap$ValueType@7ae539d
      checkValues = false
      name = "FieldNameMap"
      internMap = class java.util.HashMap@59baf6cb
      lastReportedLength = 0
      totalLength = 145
      serialVersionUID = 7521068492676515558
    methodNameInternMap = class com.ibm.ws.annocache.util.internal.UtilImpl_InternMap@4f2c9b49
      logger = class com.ibm.ws.logging.internal.WsLogger@758054ac
      stateLogger = class com.ibm.ws.logging.internal.WsLogger@7eb40fcc
      CLASS_NAME = "UtilImpl_InternMap"
      hashText = "UtilImpl_InternMap@4f2c9b49(MethodNameMap)"
      DEFAULT_LOG_THRESHHOLD = 4096
      logThreshHold = 4096
      factory = class com.ibm.ws.annocache.util.internal.UtilImpl_Factory@5f5238d
      valueType = class com.ibm.wsspi.anno.util.Util_InternMap$ValueType@53ef3b6f
      checkValues = false
      name = "MethodNameMap"
      internMap = class java.util.HashMap@dc63dbc
      lastReportedLength = 0
      totalLength = 467
      serialVersionUID = 7521068492676515558
    packageInfos = class java.util.HashMap@7c669f46
      serialVersionUID = "/* Could not access serialVersionUID */"
      DEFAULT_INITIAL_CAPACITY = "/* Could not access DEFAULT_INITIAL_CAPACITY */"
      MAXIMUM_CAPACITY = "/* Could not access MAXIMUM_CAPACITY */"
      DEFAULT_LOAD_FACTOR = "/* Could not access DEFAULT_LOAD_FACTOR */"
      TREEIFY_THRESHOLD = "/* Could not access TREEIFY_THRESHOLD */"
      UNTREEIFY_THRESHOLD = "/* Could not access UNTREEIFY_THRESHOLD */"
      MIN_TREEIFY_CAPACITY = "/* Could not access MIN_TREEIFY_CAPACITY */"
      table = "/* Could not access table */"
      entrySet = "/* Could not access entrySet */"
      size = "/* Could not access size */"
      modCount = "/* Could not access modCount */"
      threshold = "/* Could not access threshold */"
      loadFactor = "/* Could not access loadFactor */"
      keySet = "/* Could not access keySet */"
      values = "/* Could not access values */"
    DO_FORCE_PACKAGE = true
    DO_NOT_FORCE_PACKAGE = false
    FOR_FAILED_LOAD = true
    NOT_FOR_FAILED_LOAD = false
    primitiveClassInfos = class java.util.HashMap@664892ca
      serialVersionUID = "/* Could not access serialVersionUID */"
      DEFAULT_INITIAL_CAPACITY = "/* Could not access DEFAULT_INITIAL_CAPACITY */"
      MAXIMUM_CAPACITY = "/* Could not access MAXIMUM_CAPACITY */"
      DEFAULT_LOAD_FACTOR = "/* Could not access DEFAULT_LOAD_FACTOR */"
      TREEIFY_THRESHOLD = "/* Could not access TREEIFY_THRESHOLD */"
      UNTREEIFY_THRESHOLD = "/* Could not access UNTREEIFY_THRESHOLD */"
      MIN_TREEIFY_CAPACITY = "/* Could not access MIN_TREEIFY_CAPACITY */"
      table = "/* Could not access table */"
      entrySet = "/* Could not access entrySet */"
      size = "/* Could not access size */"
      modCount = "/* Could not access modCount */"
      threshold = "/* Could not access threshold */"
      loadFactor = "/* Could not access loadFactor */"
      keySet = "/* Could not access keySet */"
      values = "/* Could not access values */"
    DO_ALLOW_PRIMITIVE = true
    DO_NOT_ALLOW_PRIMITIVE = false
    delayedClassInfos = class java.util.HashMap@45a6db91
      serialVersionUID = "/* Could not access serialVersionUID */"
      DEFAULT_INITIAL_CAPACITY = "/* Could not access DEFAULT_INITIAL_CAPACITY */"
      MAXIMUM_CAPACITY = "/* Could not access MAXIMUM_CAPACITY */"
      DEFAULT_LOAD_FACTOR = "/* Could not access DEFAULT_LOAD_FACTOR */"
      TREEIFY_THRESHOLD = "/* Could not access TREEIFY_THRESHOLD */"
      UNTREEIFY_THRESHOLD = "/* Could not access UNTREEIFY_THRESHOLD */"
      MIN_TREEIFY_CAPACITY = "/* Could not access MIN_TREEIFY_CAPACITY */"
      table = "/* Could not access table */"
      entrySet = "/* Could not access entrySet */"
      size = "/* Could not access size */"
      modCount = "/* Could not access modCount */"
      threshold = "/* Could not access threshold */"
      loadFactor = "/* Could not access loadFactor */"
      keySet = "/* Could not access keySet */"
      values = "/* Could not access values */"
    CLASSINFO_CACHE_LIMIT_PROPERTY_NAME = "classinfocachesize"
    MIN_CLASSINFO_CACHE_LIMIT = 100
    MAX_CLASSINFO_CACHE_LIMIT = 10000
    DEFAULT_CLASSINFO_CACHE_LIMIT = 2000
    classInfoCacheLimit = 2000
    javaClassInfos = class java.util.HashMap@2ed21e5c
      serialVersionUID = "/* Could not access serialVersionUID */"
      DEFAULT_INITIAL_CAPACITY = "/* Could not access DEFAULT_INITIAL_CAPACITY */"
      MAXIMUM_CAPACITY = "/* Could not access MAXIMUM_CAPACITY */"
      DEFAULT_LOAD_FACTOR = "/* Could not access DEFAULT_LOAD_FACTOR */"
      TREEIFY_THRESHOLD = "/* Could not access TREEIFY_THRESHOLD */"
      UNTREEIFY_THRESHOLD = "/* Could not access UNTREEIFY_THRESHOLD */"
      MIN_TREEIFY_CAPACITY = "/* Could not access MIN_TREEIFY_CAPACITY */"
      table = "/* Could not access table */"
      entrySet = "/* Could not access entrySet */"
      size = "/* Could not access size */"
      modCount = "/* Could not access modCount */"
      threshold = "/* Could not access threshold */"
      loadFactor = "/* Could not access loadFactor */"
      keySet = "/* Could not access keySet */"
      values = "/* Could not access values */"
    annotatedClassInfos = class java.util.HashMap@6606386f
      serialVersionUID = "/* Could not access serialVersionUID */"
      DEFAULT_INITIAL_CAPACITY = "/* Could not access DEFAULT_INITIAL_CAPACITY */"
      MAXIMUM_CAPACITY = "/* Could not access MAXIMUM_CAPACITY */"
      DEFAULT_LOAD_FACTOR = "/* Could not access DEFAULT_LOAD_FACTOR */"
      TREEIFY_THRESHOLD = "/* Could not access TREEIFY_THRESHOLD */"
      UNTREEIFY_THRESHOLD = "/* Could not access UNTREEIFY_THRESHOLD */"
      MIN_TREEIFY_CAPACITY = "/* Could not access MIN_TREEIFY_CAPACITY */"
      table = "/* Could not access table */"
      entrySet = "/* Could not access entrySet */"
      size = "/* Could not access size */"
      modCount = "/* Could not access modCount */"
      threshold = "/* Could not access threshold */"
      loadFactor = "/* Could not access loadFactor */"
      keySet = "/* Could not access keySet */"
      values = "/* Could not access values */"
    firstClassInfo = null
    lastClassInfo = null
    classInfos = class java.util.HashMap@44fa38a7
      serialVersionUID = "/* Could not access serialVersionUID */"
      DEFAULT_INITIAL_CAPACITY = "/* Could not access DEFAULT_INITIAL_CAPACITY */"
      MAXIMUM_CAPACITY = "/* Could not access MAXIMUM_CAPACITY */"
      DEFAULT_LOAD_FACTOR = "/* Could not access DEFAULT_LOAD_FACTOR */"
      TREEIFY_THRESHOLD = "/* Could not access TREEIFY_THRESHOLD */"
      UNTREEIFY_THRESHOLD = "/* Could not access UNTREEIFY_THRESHOLD */"
      MIN_TREEIFY_CAPACITY = "/* Could not access MIN_TREEIFY_CAPACITY */"
      table = "/* Could not access table */"
      entrySet = "/* Could not access entrySet */"
      size = "/* Could not access size */"
      modCount = "/* Could not access modCount */"
      threshold = "/* Could not access threshold */"
      loadFactor = "/* Could not access loadFactor */"
      keySet = "/* Could not access keySet */"
      values = "/* Could not access values */"
    serialVersionUID = -3992144556991087542
  streamCount = 8
  activityTimer = class com.ibm.ws.annocache.info.internal.ActivityTimerImpl@36058636
    activityStarts = class java.util.ArrayList@6d89d89a
      serialVersionUID = "/* Could not access serialVersionUID */"
      DEFAULT_CAPACITY = "/* Could not access DEFAULT_CAPACITY */"
      EMPTY_ELEMENTDATA = "/* Could not access EMPTY_ELEMENTDATA */"
      DEFAULTCAPACITY_EMPTY_ELEMENTDATA = "/* Could not access DEFAULTCAPACITY_EMPTY_ELEMENTDATA */"
      elementData = "/* Could not access elementData */"
      size = "/* Could not access size */"
      MAX_ARRAY_SIZE = "/* Could not access MAX_ARRAY_SIZE */"
      modCount = "/* Could not access modCount */"
      MAX_ARRAY_SIZE = "/* Could not access MAX_ARRAY_SIZE */"
    activityWindows = class java.util.ArrayList@3bca1abb
      serialVersionUID = "/* Could not access serialVersionUID */"
      DEFAULT_CAPACITY = "/* Could not access DEFAULT_CAPACITY */"
      EMPTY_ELEMENTDATA = "/* Could not access EMPTY_ELEMENTDATA */"
      DEFAULTCAPACITY_EMPTY_ELEMENTDATA = "/* Could not access DEFAULTCAPACITY_EMPTY_ELEMENTDATA */"
      elementData = "/* Could not access elementData */"
      size = "/* Could not access size */"
      MAX_ARRAY_SIZE = "/* Could not access MAX_ARRAY_SIZE */"
      modCount = "/* Could not access modCount */"
      MAX_ARRAY_SIZE = "/* Could not access MAX_ARRAY_SIZE */"
    serialVersionUID = -5316758017578969622
    $$$tc$$$ = class com.ibm.websphere.ras.TraceComponent@507f5364
      strings[0] = "TraceComponent[com.ibm.ws.annocache.info.internal.ActivityTimerImpl,class com.ibm.ws.annocache.info.internal.ActivityTimerImpl,[com.ibm.ws.annocache],com.ibm.ws.anno.resources.internal.AnnoMessages,null]"
  streamTime = 4
  scanTime = 5
  ruleTime = 0
  serialVersionUID = 7291389056753665444

Dump of objectArray[0]
Object type = java.lang.String
  String value = "main/java/com/example/demo/package-info.class"

Dump of objectArray[1]
Object type = java.lang.String
  String value = "main.java.com.example.demo.package-info"

Dump of objectArray[2]
Object type = java.io.FileInputStream
  fd = "/* Could not access fd */"
  path = "/* Could not access path */"
  channel = "/* Could not access channel */"
  closeLock = "/* Could not access closeLock */"
  closed = "/* Could not access closed */"
  altFinalizer = "/* Could not access altFinalizer */"
  MAX_SKIP_BUFFER_SIZE = "/* Could not access MAX_SKIP_BUFFER_SIZE */"
  DEFAULT_BUFFER_SIZE = "/* Could not access DEFAULT_BUFFER_SIZE */"
  MAX_BUFFER_SIZE = "/* Could not access MAX_BUFFER_SIZE */"

