********************************************************************************
product = Open Liberty 22.0.0.7 (wlp-1.0.66.cl220720220620-2217)
wlp.install.dir = C:/Users/robert/Desktop/novosExercicios/demo/service-a/target/liberty/wlp/
java.home = C:\Program Files\java\jdk-11
java.version = 11
java.runtime = OpenJDK Runtime Environment (11+28)
os = Windows 10 (10.0; amd64) (pt_BR)
process = 5868@DESKTOP-NBICLVV
Classpath = C:\Users\robert\Desktop\novosExercicios\demo\service-a\target\liberty\wlp\bin\tools\ws-server.jar
Java Library path = C:\Program Files\java\jdk-11\bin;C:\Windows\Sun\Java\bin;C:\Windows\system32;C:\Windows;C:\Windows\system32;C:\Windows;C:\Windows\System32\Wbem;C:\Windows\System32\WindowsPowerShell\v1.0\;C:\Program Files (x86)\ATI Technologies\ATI.ACE\Core-Static;C:\ProgramData\chocolatey\bin;C:\apache-maven-3.8.4\bin;C:\Program Files\dotnet\;C:\Program Files\Git\cmd;C:\Program Files\PuTTY\;C:\apache-maven-3.8.4\bin;C:\Program Files (x86)\Windows Live\Shared;C:\Users\robert\AppData\Local\Microsoft\WindowsApps;C:\Users\robert\AppData\Local\Programs\Microsoft VS Code\bin;C:\Program Files\java\jdk-11\bin;C:\Users\robert\.dotnet\tools;C:\apache-maven-3.8.4\bin;;.
********************************************************************************
[12/07/2022 11:57:28:391 BRT] 00000001 com.ibm.ws.kernel.launch.internal.FrameworkManager           A CWWKE0001I: O servidor ws foi ativado.
[12/07/2022 11:57:31:588 BRT] 00000001 com.ibm.ws.kernel.launch.internal.FrameworkManager           I CWWKE0002I: O kernel foi iniciado após 4,148 segundos
[12/07/2022 11:57:31:622 BRT] 00000025 com.ibm.ws.kernel.feature.internal.FeatureManager            I CWWKF0007I: Atualização do recurso iniciada.
[12/07/2022 11:57:32:534 BRT] 00000019 com.ibm.ws.app.manager.internal.monitor.DropinMonitor        A CWWKZ0058I: Monitorando dropins para aplicativos.
[12/07/2022 11:57:33:724 BRT] 00000018 org.apache.cxf.bus.osgi.CXFActivator                         I Adding the extensions from bundle com.ibm.ws.org.apache.cxf.cxf.rt.bindings.soap.2.6.2 (93) [org.apache.cxf.binding.soap.SoapBindingFactory, org.apache.cxf.binding.soap.SoapTransportFactory]
[12/07/2022 11:57:33:735 BRT] 00000018 org.apache.cxf.bus.osgi.CXFActivator                         I Adding the extensions from bundle com.ibm.ws.org.apache.cxf.cxf.rt.bindings.xml.2.6.2 (94) [org.apache.cxf.binding.xml.XMLBindingFactory, org.apache.cxf.binding.xml.wsdl11.XMLWSDLExtensionLoader]
[12/07/2022 11:57:33:740 BRT] 00000018 org.apache.cxf.bus.osgi.CXFActivator                         I Adding the extensions from bundle com.ibm.ws.org.apache.cxf.cxf.rt.frontend.jaxws.2.6.2 (97) [org.apache.cxf.jaxws.context.WebServiceContextResourceResolver]
[12/07/2022 11:57:33:750 BRT] 00000018 org.apache.cxf.bus.osgi.CXFActivator                         I Adding the extensions from bundle com.ibm.ws.org.apache.cxf.cxf.rt.management.2.6.2 (99) [org.apache.cxf.management.InstrumentationManager]
[12/07/2022 11:57:33:756 BRT] 00000018 org.apache.cxf.bus.osgi.CXFActivator                         I Adding the extensions from bundle com.ibm.ws.org.apache.cxf.cxf.rt.transports.http.2.6.2 (100) [org.apache.cxf.transport.http.HTTPTransportFactory, org.apache.cxf.transport.http.HTTPWSDLExtensionLoader, org.apache.cxf.transport.http.policy.HTTPClientAssertionBuilder, org.apache.cxf.transport.http.policy.HTTPServerAssertionBuilder, org.apache.cxf.transport.http.policy.NoOpPolicyInterceptorProvider]
[12/07/2022 11:57:33:760 BRT] 00000018 org.apache.cxf.bus.osgi.CXFActivator                         I Adding the extensions from bundle com.ibm.ws.org.apache.cxf.cxf.rt.ws.addr.2.6.2 (101) [org.apache.cxf.ws.addressing.policy.AddressingAssertionBuilder, org.apache.cxf.ws.addressing.policy.UsingAddressingAssertionBuilder, org.apache.cxf.ws.addressing.policy.AddressingPolicyInterceptorProvider, org.apache.cxf.ws.addressing.impl.AddressingWSDLExtensionLoader, org.apache.cxf.ws.addressing.WSAddressingFeature$WSAddressingFeatureApplier, org.apache.cxf.ws.addressing.MAPAggregator$MAPAggregatorLoader]
[12/07/2022 11:57:33:762 BRT] 00000018 org.apache.cxf.bus.osgi.CXFActivator                         I Adding the extensions from bundle com.ibm.ws.org.apache.cxf.cxf.rt.ws.policy.2.6.2 (102) [org.apache.cxf.ws.policy.PolicyEngine, org.apache.cxf.policy.PolicyDataEngine, org.apache.cxf.ws.policy.AssertionBuilderRegistry, org.apache.cxf.ws.policy.PolicyInterceptorProviderRegistry, org.apache.cxf.ws.policy.PolicyBuilder, org.apache.cxf.ws.policy.PolicyAnnotationListener, org.apache.cxf.ws.policy.attachment.ServiceModelPolicyProvider, org.apache.cxf.ws.policy.attachment.external.DomainExpressionBuilderRegistry, org.apache.cxf.ws.policy.attachment.external.EndpointReferenceDomainExpressionBuilder, org.apache.cxf.ws.policy.attachment.wsdl11.Wsdl11AttachmentPolicyProvider, org.apache.cxf.ws.policy.mtom.MTOMAssertionBuilder, org.apache.cxf.ws.policy.mtom.MTOMPolicyInterceptorProvider]
[12/07/2022 11:57:34:732 BRT] 00000029 com.ibm.ws.app.manager.AppMessageHelper                      I CWWKZ0018I: Iniciando o aplicativo ws.
[12/07/2022 11:57:34:736 BRT] 00000029 bm.ws.app.manager.war.internal.WARDeployedAppInfoFactoryImpl I CWWKZ0134I: O aplicativo ws está usando a definição de aplicativo indefinido no local C:\Users\robert\Desktop\novosExercicios\demo\service-a\target\liberty\wlp\usr\servers\ws\apps\ws.war.xml.
[12/07/2022 11:57:37:822 BRT] 00000029 com.ibm.ws.session.WASSessionCore                            I SESN8501I: O gerenciador de sessões não localizou um local de armazenamento persistente; objetos HttpSession serão armazenados na memória do servidor de aplicativos local.
[12/07/2022 11:57:37:850 BRT] 00000029 com.ibm.ws.webcontainer.osgi.webapp.WebGroup                 I SRVE0169I: Carregando o Módulo da Web: ws.
[12/07/2022 11:57:37:860 BRT] 00000029 com.ibm.ws.webcontainer                                      I SRVE0250I: O Módulo da Web ws foi ligado ao default_host.
[12/07/2022 11:57:37:863 BRT] 00000029 com.ibm.ws.http.internal.VirtualHostImpl                     A CWWKT0016I: Aplicativo da Web disponível (default_host): http://localhost:9080/
[12/07/2022 11:57:38:102 BRT] 00000028 com.ibm.ws.webcontainer.osgi.mbeans.PluginGenerator          I SRVE9103I: Um arquivo de configuração para um plug-in de servidor da web foi automaticamente gerado para este servidor em C:\Users\robert\Desktop\novosExercicios\demo\service-a\target\liberty\wlp\usr\servers\ws\logs\state\plugin-cfg.xml.
[12/07/2022 11:57:38:201 BRT] 00000026 org.apache.cxf.management.jmx.InstrumentationManagerImpl     I registering MBean org.apache.cxf:bus.id=ws-Client-Bus,type=Bus,instance.id=1027862537: org.apache.cxf.bus.ManagedBus@248dbb65
[12/07/2022 11:57:38:238 BRT] 00000026 org.apache.cxf.management.jmx.InstrumentationManagerImpl     I registered org.apache.cxf:bus.id=ws-Client-Bus,type=Bus,instance.id=1027862537
[12/07/2022 11:57:38:386 BRT] 00000026 org.apache.cxf.management.jmx.InstrumentationManagerImpl     I registering MBean org.apache.cxf:bus.id=ws-Client-Bus,WorkQueueManager=Bus.WorkQueueManager,type=WorkQueueManager,instance.id=1139750911: org.apache.cxf.bus.managers.WorkQueueManagerImplMBeanWrapper@3e5bdcaa
[12/07/2022 11:57:38:506 BRT] 00000026 com.ibm.ws.session.WASSessionCore                            I SESN0176I: Um novo contexto de sessão será criado para a chave do aplicativo default_host/
[12/07/2022 11:57:38:529 BRT] 00000026 com.ibm.ws.util                                              I SESN0172I: O gerenciador de sessões está usando a implementação SecureRandom padrão Java para geração do ID de sessão.
[12/07/2022 11:57:38:630 BRT] 00000026 com.ibm.ws.app.manager.AppMessageHelper                      A CWWKZ0001I: O aplicativo ws foi iniciado em 3,898 segundos.
[12/07/2022 11:57:38:735 BRT] 00000025 com.ibm.ws.tcpchannel.internal.TCPPort                       I CWWKO0219I: O Canal TCP defaultHttpEndpoint foi iniciado e agora está atendendo solicitações no host 127.0.0.1  (IPv4: 127.0.0.1) porta 9080.
[12/07/2022 11:57:38:753 BRT] 00000025 com.ibm.ws.kernel.feature.internal.FeatureManager            A CWWKF0012I: O servidor instalou os recursos a seguir: [jaxb-2.2, jaxws-2.2, servlet-4.0].
[12/07/2022 11:57:38:755 BRT] 00000025 com.ibm.ws.kernel.feature.internal.FeatureManager            I CWWKF0008I: Atualização do recurso concluída em 7,168 segundos.
[12/07/2022 11:57:38:756 BRT] 00000025 com.ibm.ws.kernel.feature.internal.FeatureManager            A CWWKF0011I: O servidor ws está pronto para gerenciar um planeta mais inteligente. O servidor ws foi iniciado em 11,320 segundos.
[12/07/2022 11:57:41:328 BRT] 00000025 com.ibm.ws.http.internal.VirtualHostImpl                     A CWWKT0017I: Aplicativo da Web removido (default_host): http://localhost:9080/
[12/07/2022 11:57:41:416 BRT] 00000025 com.ibm.ws.app.manager.AppMessageHelper                      A CWWKZ0009I: O aplicativo ws foi interrompido com sucesso.
[12/07/2022 11:57:41:432 BRT] 00000025 com.ibm.ws.app.manager.AppMessageHelper                      I CWWKZ0018I: Iniciando o aplicativo ws.
[12/07/2022 11:57:41:433 BRT] 00000025 bm.ws.app.manager.war.internal.WARDeployedAppInfoFactoryImpl I CWWKZ0134I: O aplicativo ws está usando a definição de aplicativo indefinido no local C:\Users\robert\Desktop\novosExercicios\demo\service-a\target\liberty\wlp\usr\servers\ws\apps\ws.war.xml.
[12/07/2022 11:57:42:687 BRT] 00000025 com.ibm.ws.webcontainer.osgi.webapp.WebGroup                 I SRVE0169I: Carregando o Módulo da Web: ws.
[12/07/2022 11:57:42:688 BRT] 00000025 com.ibm.ws.webcontainer                                      I SRVE0250I: O Módulo da Web ws foi ligado ao default_host.
[12/07/2022 11:57:42:688 BRT] 00000025 com.ibm.ws.http.internal.VirtualHostImpl                     A CWWKT0016I: Aplicativo da Web disponível (default_host): http://localhost:9080/
[12/07/2022 11:57:42:687 BRT] 00000026 com.ibm.ws.webcontainer.osgi.mbeans.PluginGenerator          I SRVE9103I: Um arquivo de configuração para um plug-in de servidor da web foi automaticamente gerado para este servidor em C:\Users\robert\Desktop\novosExercicios\demo\service-a\target\liberty\wlp\usr\servers\ws\logs\state\plugin-cfg.xml.
[12/07/2022 11:57:42:809 BRT] 00000025 org.apache.cxf.management.jmx.InstrumentationManagerImpl     I registering MBean org.apache.cxf:bus.id=ws-Client-Bus,type=Bus,instance.id=576880569: org.apache.cxf.bus.ManagedBus@116724f7
[12/07/2022 11:57:42:854 BRT] 00000025 org.apache.cxf.management.jmx.InstrumentationManagerImpl     I registered org.apache.cxf:bus.id=ws-Client-Bus,type=Bus,instance.id=576880569
[12/07/2022 11:57:42:859 BRT] 00000025 org.apache.cxf.management.jmx.InstrumentationManagerImpl     I registering MBean org.apache.cxf:bus.id=ws-Client-Bus,WorkQueueManager=Bus.WorkQueueManager,type=WorkQueueManager,instance.id=422029236: org.apache.cxf.bus.managers.WorkQueueManagerImplMBeanWrapper@28898c9e
[12/07/2022 11:57:42:877 BRT] 00000025 com.ibm.ws.session.WASSessionCore                            I SESN0176I: Um novo contexto de sessão será criado para a chave do aplicativo default_host/
[12/07/2022 11:57:42:878 BRT] 00000025 com.ibm.ws.util                                              I SESN0172I: O gerenciador de sessões está usando a implementação SecureRandom padrão Java para geração do ID de sessão.
[12/07/2022 11:57:42:882 BRT] 0000002d com.ibm.ws.webcontainer.osgi.mbeans.PluginGenerator          I SRVE9103I: Um arquivo de configuração para um plug-in de servidor da web foi automaticamente gerado para este servidor em C:\Users\robert\Desktop\novosExercicios\demo\service-a\target\liberty\wlp\usr\servers\ws\logs\state\plugin-cfg.xml.
[12/07/2022 11:57:42:896 BRT] 00000025 com.ibm.ws.app.manager.AppMessageHelper                      A CWWKZ0003I: O aplicativo ws foi atualizado em 1,463 segundos.
[12/07/2022 11:57:52:237 BRT] 0000002b com.ibm.ws.http.internal.VirtualHostImpl                     A CWWKT0017I: Aplicativo da Web removido (default_host): http://localhost:9080/
[12/07/2022 11:57:52:269 BRT] 0000002b com.ibm.ws.app.manager.AppMessageHelper                      A CWWKZ0009I: O aplicativo ws foi interrompido com sucesso.
[12/07/2022 11:57:52:293 BRT] 0000002b com.ibm.ws.app.manager.AppMessageHelper                      I CWWKZ0018I: Iniciando o aplicativo ws.
[12/07/2022 11:57:52:294 BRT] 0000002b bm.ws.app.manager.war.internal.WARDeployedAppInfoFactoryImpl I CWWKZ0134I: O aplicativo ws está usando a definição de aplicativo indefinido no local C:\Users\robert\Desktop\novosExercicios\demo\service-a\target\liberty\wlp\usr\servers\ws\apps\ws.war.xml.
[12/07/2022 11:57:52:435 BRT] 00000029 com.ibm.ws.webcontainer.osgi.mbeans.PluginGenerator          I SRVE9103I: Um arquivo de configuração para um plug-in de servidor da web foi automaticamente gerado para este servidor em C:\Users\robert\Desktop\novosExercicios\demo\service-a\target\liberty\wlp\usr\servers\ws\logs\state\plugin-cfg.xml.
[12/07/2022 11:57:53:747 BRT] 0000002b com.ibm.ws.webcontainer.osgi.webapp.WebGroup                 I SRVE0169I: Carregando o Módulo da Web: ws.
[12/07/2022 11:57:53:748 BRT] 0000002b com.ibm.ws.webcontainer                                      I SRVE0250I: O Módulo da Web ws foi ligado ao default_host.
[12/07/2022 11:57:53:748 BRT] 0000002b com.ibm.ws.http.internal.VirtualHostImpl                     A CWWKT0016I: Aplicativo da Web disponível (default_host): http://localhost:9080/
[12/07/2022 11:57:53:873 BRT] 0000002b com.ibm.ws.webcontainer.osgi.mbeans.PluginGenerator          I SRVE9103I: Um arquivo de configuração para um plug-in de servidor da web foi automaticamente gerado para este servidor em C:\Users\robert\Desktop\novosExercicios\demo\service-a\target\liberty\wlp\usr\servers\ws\logs\state\plugin-cfg.xml.
[12/07/2022 11:57:53:885 BRT] 00000026 org.apache.cxf.management.jmx.InstrumentationManagerImpl     I registering MBean org.apache.cxf:bus.id=ws-Client-Bus,type=Bus,instance.id=649529598: org.apache.cxf.bus.ManagedBus@7b8e19e1
[12/07/2022 11:57:53:891 BRT] 00000026 org.apache.cxf.management.jmx.InstrumentationManagerImpl     I registered org.apache.cxf:bus.id=ws-Client-Bus,type=Bus,instance.id=649529598
[12/07/2022 11:57:53:898 BRT] 00000026 org.apache.cxf.management.jmx.InstrumentationManagerImpl     I registering MBean org.apache.cxf:bus.id=ws-Client-Bus,WorkQueueManager=Bus.WorkQueueManager,type=WorkQueueManager,instance.id=341922827: org.apache.cxf.bus.managers.WorkQueueManagerImplMBeanWrapper@a0f4e81
[12/07/2022 11:57:53:917 BRT] 00000026 com.ibm.ws.session.WASSessionCore                            I SESN0176I: Um novo contexto de sessão será criado para a chave do aplicativo default_host/
[12/07/2022 11:57:53:918 BRT] 00000026 com.ibm.ws.util                                              I SESN0172I: O gerenciador de sessões está usando a implementação SecureRandom padrão Java para geração do ID de sessão.
[12/07/2022 11:57:53:935 BRT] 00000026 com.ibm.ws.app.manager.AppMessageHelper                      A CWWKZ0003I: O aplicativo ws foi atualizado em 1,641 segundos.
[12/07/2022 11:59:02:848 BRT] 0000002b com.ibm.ws.http.internal.VirtualHostImpl                     A CWWKT0017I: Aplicativo da Web removido (default_host): http://localhost:9080/
[12/07/2022 11:59:03:108 BRT] 0000002b com.ibm.ws.app.manager.AppMessageHelper                      A CWWKZ0009I: O aplicativo ws foi interrompido com sucesso.
[12/07/2022 11:59:03:147 BRT] 00000029 com.ibm.ws.webcontainer.osgi.mbeans.PluginGenerator          I SRVE9103I: Um arquivo de configuração para um plug-in de servidor da web foi automaticamente gerado para este servidor em C:\Users\robert\Desktop\novosExercicios\demo\service-a\target\liberty\wlp\usr\servers\ws\logs\state\plugin-cfg.xml.
[12/07/2022 11:59:03:240 BRT] 0000002b com.ibm.ws.app.manager.AppMessageHelper                      I CWWKZ0018I: Iniciando o aplicativo ws.
[12/07/2022 11:59:03:241 BRT] 0000002b bm.ws.app.manager.war.internal.WARDeployedAppInfoFactoryImpl I CWWKZ0134I: O aplicativo ws está usando a definição de aplicativo indefinido no local C:\Users\robert\Desktop\novosExercicios\demo\service-a\target\liberty\wlp\usr\servers\ws\apps\ws.war.xml.
[12/07/2022 11:59:05:095 BRT] 0000002b com.ibm.ws.webcontainer.osgi.webapp.WebGroup                 I SRVE0169I: Carregando o Módulo da Web: ws.
[12/07/2022 11:59:05:096 BRT] 0000002b com.ibm.ws.webcontainer                                      I SRVE0250I: O Módulo da Web ws foi ligado ao default_host.
[12/07/2022 11:59:05:124 BRT] 0000002b com.ibm.ws.http.internal.VirtualHostImpl                     A CWWKT0016I: Aplicativo da Web disponível (default_host): http://localhost:9080/
[12/07/2022 11:59:05:179 BRT] 0000002d com.ibm.ws.session.WASSessionCore                            I SESN0176I: Um novo contexto de sessão será criado para a chave do aplicativo default_host/
[12/07/2022 11:59:05:180 BRT] 0000002d com.ibm.ws.util                                              I SESN0172I: O gerenciador de sessões está usando a implementação SecureRandom padrão Java para geração do ID de sessão.
[12/07/2022 11:59:05:187 BRT] 0000002d com.ibm.ws.app.manager.AppMessageHelper                      A CWWKZ0003I: O aplicativo ws foi atualizado em 1,946 segundos.
[12/07/2022 11:59:05:216 BRT] 0000002c com.ibm.ws.webcontainer.osgi.mbeans.PluginGenerator          I SRVE9103I: Um arquivo de configuração para um plug-in de servidor da web foi automaticamente gerado para este servidor em C:\Users\robert\Desktop\novosExercicios\demo\service-a\target\liberty\wlp\usr\servers\ws\logs\state\plugin-cfg.xml.
[12/07/2022 11:59:05:561 BRT] 00000029 com.ibm.ws.http.internal.VirtualHostImpl                     A CWWKT0017I: Aplicativo da Web removido (default_host): http://localhost:9080/
[12/07/2022 11:59:05:573 BRT] 00000029 com.ibm.ws.app.manager.AppMessageHelper                      A CWWKZ0009I: O aplicativo ws foi interrompido com sucesso.
[12/07/2022 11:59:05:626 BRT] 0000002c com.ibm.ws.webcontainer.osgi.mbeans.PluginGenerator          I SRVE9103I: Um arquivo de configuração para um plug-in de servidor da web foi automaticamente gerado para este servidor em C:\Users\robert\Desktop\novosExercicios\demo\service-a\target\liberty\wlp\usr\servers\ws\logs\state\plugin-cfg.xml.
[12/07/2022 11:59:05:702 BRT] 00000029 com.ibm.ws.app.manager.AppMessageHelper                      I CWWKZ0018I: Iniciando o aplicativo ws.
[12/07/2022 11:59:05:708 BRT] 00000029 bm.ws.app.manager.war.internal.WARDeployedAppInfoFactoryImpl I CWWKZ0134I: O aplicativo ws está usando a definição de aplicativo indefinido no local C:\Users\robert\Desktop\novosExercicios\demo\service-a\target\liberty\wlp\usr\servers\ws\apps\ws.war.xml.
[12/07/2022 11:59:06:837 BRT] 00000029 com.ibm.ws.webcontainer.osgi.webapp.WebGroup                 I SRVE0169I: Carregando o Módulo da Web: ws.
[12/07/2022 11:59:06:838 BRT] 00000029 com.ibm.ws.webcontainer                                      I SRVE0250I: O Módulo da Web ws foi ligado ao default_host.
[12/07/2022 11:59:06:838 BRT] 00000029 com.ibm.ws.http.internal.VirtualHostImpl                     A CWWKT0016I: Aplicativo da Web disponível (default_host): http://localhost:9080/
[12/07/2022 11:59:06:884 BRT] 00000027 com.ibm.ws.session.WASSessionCore                            I SESN0176I: Um novo contexto de sessão será criado para a chave do aplicativo default_host/
[12/07/2022 11:59:06:885 BRT] 00000027 com.ibm.ws.util                                              I SESN0172I: O gerenciador de sessões está usando a implementação SecureRandom padrão Java para geração do ID de sessão.
[12/07/2022 11:59:06:893 BRT] 00000027 com.ibm.ws.app.manager.AppMessageHelper                      A CWWKZ0003I: O aplicativo ws foi atualizado em 1,190 segundos.
[12/07/2022 11:59:06:893 BRT] 0000002c com.ibm.ws.webcontainer.osgi.mbeans.PluginGenerator          I SRVE9103I: Um arquivo de configuração para um plug-in de servidor da web foi automaticamente gerado para este servidor em C:\Users\robert\Desktop\novosExercicios\demo\service-a\target\liberty\wlp\usr\servers\ws\logs\state\plugin-cfg.xml.
[12/07/2022 11:59:13:347 BRT] 00000028 com.ibm.ws.http.internal.VirtualHostImpl                     A CWWKT0017I: Aplicativo da Web removido (default_host): http://localhost:9080/
[12/07/2022 11:59:13:387 BRT] 00000028 com.ibm.ws.app.manager.AppMessageHelper                      A CWWKZ0009I: O aplicativo ws foi interrompido com sucesso.
[12/07/2022 11:59:13:408 BRT] 00000028 com.ibm.ws.app.manager.AppMessageHelper                      I CWWKZ0018I: Iniciando o aplicativo ws.
[12/07/2022 11:59:13:409 BRT] 00000028 bm.ws.app.manager.war.internal.WARDeployedAppInfoFactoryImpl I CWWKZ0134I: O aplicativo ws está usando a definição de aplicativo indefinido no local C:\Users\robert\Desktop\novosExercicios\demo\service-a\target\liberty\wlp\usr\servers\ws\apps\ws.war.xml.
[12/07/2022 11:59:13:467 BRT] 00000027 com.ibm.ws.webcontainer.osgi.mbeans.PluginGenerator          I SRVE9103I: Um arquivo de configuração para um plug-in de servidor da web foi automaticamente gerado para este servidor em C:\Users\robert\Desktop\novosExercicios\demo\service-a\target\liberty\wlp\usr\servers\ws\logs\state\plugin-cfg.xml.
[12/07/2022 11:59:14:130 BRT] 00000028 com.ibm.ws.webcontainer.osgi.webapp.WebGroup                 I SRVE0169I: Carregando o Módulo da Web: ws.
[12/07/2022 11:59:14:131 BRT] 00000028 com.ibm.ws.webcontainer                                      I SRVE0250I: O Módulo da Web ws foi ligado ao default_host.
[12/07/2022 11:59:14:131 BRT] 00000028 com.ibm.ws.http.internal.VirtualHostImpl                     A CWWKT0016I: Aplicativo da Web disponível (default_host): http://localhost:9080/
[12/07/2022 11:59:14:192 BRT] 0000002c com.ibm.ws.session.WASSessionCore                            I SESN0176I: Um novo contexto de sessão será criado para a chave do aplicativo default_host/
[12/07/2022 11:59:14:193 BRT] 0000002c com.ibm.ws.util                                              I SESN0172I: O gerenciador de sessões está usando a implementação SecureRandom padrão Java para geração do ID de sessão.
[12/07/2022 11:59:14:198 BRT] 0000002c com.ibm.ws.app.manager.AppMessageHelper                      A CWWKZ0003I: O aplicativo ws foi atualizado em 0,789 segundos.
[12/07/2022 11:59:14:211 BRT] 00000028 com.ibm.ws.webcontainer.osgi.mbeans.PluginGenerator          I SRVE9103I: Um arquivo de configuração para um plug-in de servidor da web foi automaticamente gerado para este servidor em C:\Users\robert\Desktop\novosExercicios\demo\service-a\target\liberty\wlp\usr\servers\ws\logs\state\plugin-cfg.xml.
[12/07/2022 11:59:17:314 BRT] 00000027 com.ibm.ws.http.internal.VirtualHostImpl                     A CWWKT0017I: Aplicativo da Web removido (default_host): http://localhost:9080/
[12/07/2022 11:59:17:366 BRT] 00000027 com.ibm.ws.app.manager.AppMessageHelper                      A CWWKZ0009I: O aplicativo ws foi interrompido com sucesso.
[12/07/2022 11:59:17:393 BRT] 00000029 com.ibm.ws.webcontainer.osgi.mbeans.PluginGenerator          I SRVE9103I: Um arquivo de configuração para um plug-in de servidor da web foi automaticamente gerado para este servidor em C:\Users\robert\Desktop\novosExercicios\demo\service-a\target\liberty\wlp\usr\servers\ws\logs\state\plugin-cfg.xml.
[12/07/2022 11:59:17:405 BRT] 00000027 com.ibm.ws.app.manager.AppMessageHelper                      I CWWKZ0018I: Iniciando o aplicativo ws.
[12/07/2022 11:59:17:406 BRT] 00000027 bm.ws.app.manager.war.internal.WARDeployedAppInfoFactoryImpl I CWWKZ0134I: O aplicativo ws está usando a definição de aplicativo indefinido no local C:\Users\robert\Desktop\novosExercicios\demo\service-a\target\liberty\wlp\usr\servers\ws\apps\ws.war.xml.
[12/07/2022 11:59:18:158 BRT] 00000027 com.ibm.ws.webcontainer.osgi.webapp.WebGroup                 I SRVE0169I: Carregando o Módulo da Web: ws.
[12/07/2022 11:59:18:160 BRT] 00000027 com.ibm.ws.webcontainer                                      I SRVE0250I: O Módulo da Web ws foi ligado ao default_host.
[12/07/2022 11:59:18:160 BRT] 00000027 com.ibm.ws.http.internal.VirtualHostImpl                     A CWWKT0016I: Aplicativo da Web disponível (default_host): http://localhost:9080/
[12/07/2022 11:59:18:227 BRT] 00000025 com.ibm.ws.session.WASSessionCore                            I SESN0176I: Um novo contexto de sessão será criado para a chave do aplicativo default_host/
[12/07/2022 11:59:18:228 BRT] 00000025 com.ibm.ws.util                                              I SESN0172I: O gerenciador de sessões está usando a implementação SecureRandom padrão Java para geração do ID de sessão.
[12/07/2022 11:59:18:234 BRT] 00000025 com.ibm.ws.app.manager.AppMessageHelper                      A CWWKZ0003I: O aplicativo ws foi atualizado em 0,828 segundos.
[12/07/2022 11:59:18:241 BRT] 00000028 com.ibm.ws.webcontainer.osgi.mbeans.PluginGenerator          I SRVE9103I: Um arquivo de configuração para um plug-in de servidor da web foi automaticamente gerado para este servidor em C:\Users\robert\Desktop\novosExercicios\demo\service-a\target\liberty\wlp\usr\servers\ws\logs\state\plugin-cfg.xml.
[12/07/2022 11:59:21:991 BRT] 0000002d com.ibm.ws.http.internal.VirtualHostImpl                     A CWWKT0017I: Aplicativo da Web removido (default_host): http://localhost:9080/
[12/07/2022 11:59:22:089 BRT] 0000002d com.ibm.ws.app.manager.AppMessageHelper                      A CWWKZ0009I: O aplicativo ws foi interrompido com sucesso.
[12/07/2022 11:59:22:125 BRT] 0000002b com.ibm.ws.webcontainer.osgi.mbeans.PluginGenerator          I SRVE9103I: Um arquivo de configuração para um plug-in de servidor da web foi automaticamente gerado para este servidor em C:\Users\robert\Desktop\novosExercicios\demo\service-a\target\liberty\wlp\usr\servers\ws\logs\state\plugin-cfg.xml.
[12/07/2022 11:59:22:131 BRT] 0000002d com.ibm.ws.app.manager.AppMessageHelper                      I CWWKZ0018I: Iniciando o aplicativo ws.
[12/07/2022 11:59:22:131 BRT] 0000002d bm.ws.app.manager.war.internal.WARDeployedAppInfoFactoryImpl I CWWKZ0134I: O aplicativo ws está usando a definição de aplicativo indefinido no local C:\Users\robert\Desktop\novosExercicios\demo\service-a\target\liberty\wlp\usr\servers\ws\apps\ws.war.xml.
[12/07/2022 11:59:23:094 BRT] 0000002d com.ibm.ws.webcontainer.osgi.webapp.WebGroup                 I SRVE0169I: Carregando o Módulo da Web: ws.
[12/07/2022 11:59:23:095 BRT] 0000002d com.ibm.ws.webcontainer                                      I SRVE0250I: O Módulo da Web ws foi ligado ao default_host.
[12/07/2022 11:59:23:096 BRT] 0000002d com.ibm.ws.http.internal.VirtualHostImpl                     A CWWKT0016I: Aplicativo da Web disponível (default_host): http://localhost:9080/
[12/07/2022 11:59:23:157 BRT] 00000028 com.ibm.ws.session.WASSessionCore                            I SESN0176I: Um novo contexto de sessão será criado para a chave do aplicativo default_host/
[12/07/2022 11:59:23:217 BRT] 00000028 com.ibm.ws.util                                              I SESN0172I: O gerenciador de sessões está usando a implementação SecureRandom padrão Java para geração do ID de sessão.
[12/07/2022 11:59:23:227 BRT] 00000028 com.ibm.ws.app.manager.AppMessageHelper                      A CWWKZ0003I: O aplicativo ws foi atualizado em 1,095 segundos.
[12/07/2022 11:59:23:244 BRT] 0000002d com.ibm.ws.webcontainer.osgi.mbeans.PluginGenerator          I SRVE9103I: Um arquivo de configuração para um plug-in de servidor da web foi automaticamente gerado para este servidor em C:\Users\robert\Desktop\novosExercicios\demo\service-a\target\liberty\wlp\usr\servers\ws\logs\state\plugin-cfg.xml.
[12/07/2022 11:59:24:050 BRT] 00000028 com.ibm.ws.http.internal.VirtualHostImpl                     A CWWKT0017I: Aplicativo da Web removido (default_host): http://localhost:9080/
[12/07/2022 11:59:24:062 BRT] 00000028 com.ibm.ws.app.manager.AppMessageHelper                      A CWWKZ0009I: O aplicativo ws foi interrompido com sucesso.
[12/07/2022 11:59:24:078 BRT] 00000028 com.ibm.ws.app.manager.AppMessageHelper                      I CWWKZ0018I: Iniciando o aplicativo ws.
[12/07/2022 11:59:24:079 BRT] 00000028 bm.ws.app.manager.war.internal.WARDeployedAppInfoFactoryImpl I CWWKZ0134I: O aplicativo ws está usando a definição de aplicativo indefinido no local C:\Users\robert\Desktop\novosExercicios\demo\service-a\target\liberty\wlp\usr\servers\ws\apps\ws.war.xml.
[12/07/2022 11:59:24:132 BRT] 0000002c com.ibm.ws.webcontainer.osgi.mbeans.PluginGenerator          I SRVE9103I: Um arquivo de configuração para um plug-in de servidor da web foi automaticamente gerado para este servidor em C:\Users\robert\Desktop\novosExercicios\demo\service-a\target\liberty\wlp\usr\servers\ws\logs\state\plugin-cfg.xml.
[12/07/2022 11:59:25:131 BRT] 00000028 com.ibm.ws.webcontainer.osgi.webapp.WebGroup                 I SRVE0169I: Carregando o Módulo da Web: ws.
[12/07/2022 11:59:25:132 BRT] 00000028 com.ibm.ws.webcontainer                                      I SRVE0250I: O Módulo da Web ws foi ligado ao default_host.
[12/07/2022 11:59:25:133 BRT] 00000028 com.ibm.ws.http.internal.VirtualHostImpl                     A CWWKT0016I: Aplicativo da Web disponível (default_host): http://localhost:9080/
[12/07/2022 11:59:25:160 BRT] 00000028 com.ibm.ws.session.WASSessionCore                            I SESN0176I: Um novo contexto de sessão será criado para a chave do aplicativo default_host/
[12/07/2022 11:59:25:160 BRT] 00000028 com.ibm.ws.util                                              I SESN0172I: O gerenciador de sessões está usando a implementação SecureRandom padrão Java para geração do ID de sessão.
[12/07/2022 11:59:25:186 BRT] 00000028 com.ibm.ws.app.manager.AppMessageHelper                      A CWWKZ0003I: O aplicativo ws foi atualizado em 1,108 segundos.
[12/07/2022 11:59:25:203 BRT] 0000002b com.ibm.ws.webcontainer.osgi.mbeans.PluginGenerator          I SRVE9103I: Um arquivo de configuração para um plug-in de servidor da web foi automaticamente gerado para este servidor em C:\Users\robert\Desktop\novosExercicios\demo\service-a\target\liberty\wlp\usr\servers\ws\logs\state\plugin-cfg.xml.
[12/07/2022 11:59:25:540 BRT] 0000002d com.ibm.ws.http.internal.VirtualHostImpl                     A CWWKT0017I: Aplicativo da Web removido (default_host): http://localhost:9080/
[12/07/2022 11:59:25:553 BRT] 0000002d com.ibm.ws.app.manager.AppMessageHelper                      A CWWKZ0009I: O aplicativo ws foi interrompido com sucesso.
[12/07/2022 11:59:25:581 BRT] 0000002d com.ibm.ws.app.manager.AppMessageHelper                      I CWWKZ0018I: Iniciando o aplicativo ws.
[12/07/2022 11:59:25:582 BRT] 0000002d bm.ws.app.manager.war.internal.WARDeployedAppInfoFactoryImpl I CWWKZ0134I: O aplicativo ws está usando a definição de aplicativo indefinido no local C:\Users\robert\Desktop\novosExercicios\demo\service-a\target\liberty\wlp\usr\servers\ws\apps\ws.war.xml.
[12/07/2022 11:59:25:666 BRT] 0000002b com.ibm.ws.webcontainer.osgi.mbeans.PluginGenerator          I SRVE9103I: Um arquivo de configuração para um plug-in de servidor da web foi automaticamente gerado para este servidor em C:\Users\robert\Desktop\novosExercicios\demo\service-a\target\liberty\wlp\usr\servers\ws\logs\state\plugin-cfg.xml.
[12/07/2022 11:59:26:154 BRT] 0000002d com.ibm.ws.webcontainer.osgi.webapp.WebGroup                 I SRVE0169I: Carregando o Módulo da Web: ws.
[12/07/2022 11:59:26:155 BRT] 0000002d com.ibm.ws.webcontainer                                      I SRVE0250I: O Módulo da Web ws foi ligado ao default_host.
[12/07/2022 11:59:26:155 BRT] 0000002d com.ibm.ws.http.internal.VirtualHostImpl                     A CWWKT0016I: Aplicativo da Web disponível (default_host): http://localhost:9080/
[12/07/2022 11:59:26:182 BRT] 0000002d com.ibm.ws.session.WASSessionCore                            I SESN0176I: Um novo contexto de sessão será criado para a chave do aplicativo default_host/
[12/07/2022 11:59:26:182 BRT] 0000002d com.ibm.ws.util                                              I SESN0172I: O gerenciador de sessões está usando a implementação SecureRandom padrão Java para geração do ID de sessão.
[12/07/2022 11:59:26:212 BRT] 0000002d com.ibm.ws.app.manager.AppMessageHelper                      A CWWKZ0003I: O aplicativo ws foi atualizado em 0,630 segundos.
[12/07/2022 11:59:26:232 BRT] 0000002c com.ibm.ws.webcontainer.osgi.mbeans.PluginGenerator          I SRVE9103I: Um arquivo de configuração para um plug-in de servidor da web foi automaticamente gerado para este servidor em C:\Users\robert\Desktop\novosExercicios\demo\service-a\target\liberty\wlp\usr\servers\ws\logs\state\plugin-cfg.xml.
[12/07/2022 11:59:28:385 BRT] 00000028 com.ibm.ws.http.internal.VirtualHostImpl                     A CWWKT0017I: Aplicativo da Web removido (default_host): http://localhost:9080/
[12/07/2022 11:59:28:420 BRT] 00000028 com.ibm.ws.app.manager.AppMessageHelper                      A CWWKZ0009I: O aplicativo ws foi interrompido com sucesso.
[12/07/2022 11:59:28:430 BRT] 00000028 com.ibm.ws.app.manager.AppMessageHelper                      I CWWKZ0018I: Iniciando o aplicativo ws.
[12/07/2022 11:59:28:432 BRT] 00000028 bm.ws.app.manager.war.internal.WARDeployedAppInfoFactoryImpl I CWWKZ0134I: O aplicativo ws está usando a definição de aplicativo indefinido no local C:\Users\robert\Desktop\novosExercicios\demo\service-a\target\liberty\wlp\usr\servers\ws\apps\ws.war.xml.
[12/07/2022 11:59:28:453 BRT] 0000002b com.ibm.ws.webcontainer.osgi.mbeans.PluginGenerator          I SRVE9103I: Um arquivo de configuração para um plug-in de servidor da web foi automaticamente gerado para este servidor em C:\Users\robert\Desktop\novosExercicios\demo\service-a\target\liberty\wlp\usr\servers\ws\logs\state\plugin-cfg.xml.
[12/07/2022 11:59:29:457 BRT] 00000028 com.ibm.ws.webcontainer.osgi.webapp.WebGroup                 I SRVE0169I: Carregando o Módulo da Web: ws.
[12/07/2022 11:59:29:458 BRT] 00000028 com.ibm.ws.webcontainer                                      I SRVE0250I: O Módulo da Web ws foi ligado ao default_host.
[12/07/2022 11:59:29:458 BRT] 00000028 com.ibm.ws.http.internal.VirtualHostImpl                     A CWWKT0016I: Aplicativo da Web disponível (default_host): http://localhost:9080/
[12/07/2022 11:59:29:594 BRT] 00000026 com.ibm.ws.session.WASSessionCore                            I SESN0176I: Um novo contexto de sessão será criado para a chave do aplicativo default_host/
[12/07/2022 11:59:29:595 BRT] 00000026 com.ibm.ws.util                                              I SESN0172I: O gerenciador de sessões está usando a implementação SecureRandom padrão Java para geração do ID de sessão.
[12/07/2022 11:59:29:607 BRT] 00000026 com.ibm.ws.app.manager.AppMessageHelper                      A CWWKZ0003I: O aplicativo ws foi atualizado em 1,176 segundos.
[12/07/2022 11:59:29:616 BRT] 00000028 com.ibm.ws.webcontainer.osgi.mbeans.PluginGenerator          I SRVE9103I: Um arquivo de configuração para um plug-in de servidor da web foi automaticamente gerado para este servidor em C:\Users\robert\Desktop\novosExercicios\demo\service-a\target\liberty\wlp\usr\servers\ws\logs\state\plugin-cfg.xml.
[12/07/2022 11:59:29:871 BRT] 00000025 com.ibm.ws.http.internal.VirtualHostImpl                     A CWWKT0017I: Aplicativo da Web removido (default_host): http://localhost:9080/
[12/07/2022 11:59:29:881 BRT] 00000025 com.ibm.ws.app.manager.AppMessageHelper                      A CWWKZ0009I: O aplicativo ws foi interrompido com sucesso.
[12/07/2022 11:59:29:914 BRT] 00000029 com.ibm.ws.webcontainer.osgi.mbeans.PluginGenerator          I SRVE9103I: Um arquivo de configuração para um plug-in de servidor da web foi automaticamente gerado para este servidor em C:\Users\robert\Desktop\novosExercicios\demo\service-a\target\liberty\wlp\usr\servers\ws\logs\state\plugin-cfg.xml.
[12/07/2022 11:59:29:915 BRT] 00000025 com.ibm.ws.app.manager.AppMessageHelper                      I CWWKZ0018I: Iniciando o aplicativo ws.
[12/07/2022 11:59:29:917 BRT] 00000025 bm.ws.app.manager.war.internal.WARDeployedAppInfoFactoryImpl I CWWKZ0134I: O aplicativo ws está usando a definição de aplicativo indefinido no local C:\Users\robert\Desktop\novosExercicios\demo\service-a\target\liberty\wlp\usr\servers\ws\apps\ws.war.xml.
[12/07/2022 11:59:30:436 BRT] 00000025 com.ibm.ws.webcontainer.osgi.webapp.WebGroup                 I SRVE0169I: Carregando o Módulo da Web: ws.
[12/07/2022 11:59:30:437 BRT] 00000025 com.ibm.ws.webcontainer                                      I SRVE0250I: O Módulo da Web ws foi ligado ao default_host.
[12/07/2022 11:59:30:437 BRT] 00000025 com.ibm.ws.http.internal.VirtualHostImpl                     A CWWKT0016I: Aplicativo da Web disponível (default_host): http://localhost:9080/
[12/07/2022 11:59:30:550 BRT] 00000026 com.ibm.ws.session.WASSessionCore                            I SESN0176I: Um novo contexto de sessão será criado para a chave do aplicativo default_host/
[12/07/2022 11:59:30:555 BRT] 00000026 com.ibm.ws.util                                              I SESN0172I: O gerenciador de sessões está usando a implementação SecureRandom padrão Java para geração do ID de sessão.
[12/07/2022 11:59:30:621 BRT] 00000026 com.ibm.ws.app.manager.AppMessageHelper                      A CWWKZ0003I: O aplicativo ws foi atualizado em 0,701 segundos.
[12/07/2022 11:59:30:687 BRT] 00000025 com.ibm.ws.webcontainer.osgi.mbeans.PluginGenerator          I SRVE9103I: Um arquivo de configuração para um plug-in de servidor da web foi automaticamente gerado para este servidor em C:\Users\robert\Desktop\novosExercicios\demo\service-a\target\liberty\wlp\usr\servers\ws\logs\state\plugin-cfg.xml.
[12/07/2022 11:59:32:238 BRT] 0000002c com.ibm.ws.http.internal.VirtualHostImpl                     A CWWKT0017I: Aplicativo da Web removido (default_host): http://localhost:9080/
[12/07/2022 11:59:32:247 BRT] 0000002c com.ibm.ws.app.manager.AppMessageHelper                      A CWWKZ0009I: O aplicativo ws foi interrompido com sucesso.
[12/07/2022 11:59:32:277 BRT] 0000002c com.ibm.ws.app.manager.AppMessageHelper                      I CWWKZ0018I: Iniciando o aplicativo ws.
[12/07/2022 11:59:32:278 BRT] 0000002c bm.ws.app.manager.war.internal.WARDeployedAppInfoFactoryImpl I CWWKZ0134I: O aplicativo ws está usando a definição de aplicativo indefinido no local C:\Users\robert\Desktop\novosExercicios\demo\service-a\target\liberty\wlp\usr\servers\ws\apps\ws.war.xml.
[12/07/2022 11:59:32:283 BRT] 00000025 com.ibm.ws.webcontainer.osgi.mbeans.PluginGenerator          I SRVE9103I: Um arquivo de configuração para um plug-in de servidor da web foi automaticamente gerado para este servidor em C:\Users\robert\Desktop\novosExercicios\demo\service-a\target\liberty\wlp\usr\servers\ws\logs\state\plugin-cfg.xml.
[12/07/2022 11:59:32:978 BRT] 0000002c com.ibm.ws.webcontainer.osgi.webapp.WebGroup                 I SRVE0169I: Carregando o Módulo da Web: ws.
[12/07/2022 11:59:32:979 BRT] 0000002c com.ibm.ws.webcontainer                                      I SRVE0250I: O Módulo da Web ws foi ligado ao default_host.
[12/07/2022 11:59:32:979 BRT] 0000002c com.ibm.ws.http.internal.VirtualHostImpl                     A CWWKT0016I: Aplicativo da Web disponível (default_host): http://localhost:9080/
[12/07/2022 11:59:33:010 BRT] 00000025 com.ibm.ws.session.WASSessionCore                            I SESN0176I: Um novo contexto de sessão será criado para a chave do aplicativo default_host/
[12/07/2022 11:59:33:011 BRT] 00000025 com.ibm.ws.util                                              I SESN0172I: O gerenciador de sessões está usando a implementação SecureRandom padrão Java para geração do ID de sessão.
[12/07/2022 11:59:33:017 BRT] 00000025 com.ibm.ws.app.manager.AppMessageHelper                      A CWWKZ0003I: O aplicativo ws foi atualizado em 0,740 segundos.
[12/07/2022 11:59:33:031 BRT] 0000002c com.ibm.ws.webcontainer.osgi.mbeans.PluginGenerator          I SRVE9103I: Um arquivo de configuração para um plug-in de servidor da web foi automaticamente gerado para este servidor em C:\Users\robert\Desktop\novosExercicios\demo\service-a\target\liberty\wlp\usr\servers\ws\logs\state\plugin-cfg.xml.
[12/07/2022 11:59:34:464 BRT] 00000029 com.ibm.ws.http.internal.VirtualHostImpl                     A CWWKT0017I: Aplicativo da Web removido (default_host): http://localhost:9080/
[12/07/2022 11:59:34:499 BRT] 00000029 com.ibm.ws.app.manager.AppMessageHelper                      A CWWKZ0009I: O aplicativo ws foi interrompido com sucesso.
[12/07/2022 11:59:34:511 BRT] 00000029 com.ibm.ws.app.manager.AppMessageHelper                      I CWWKZ0018I: Iniciando o aplicativo ws.
[12/07/2022 11:59:34:512 BRT] 00000029 bm.ws.app.manager.war.internal.WARDeployedAppInfoFactoryImpl I CWWKZ0134I: O aplicativo ws está usando a definição de aplicativo indefinido no local C:\Users\robert\Desktop\novosExercicios\demo\service-a\target\liberty\wlp\usr\servers\ws\apps\ws.war.xml.
[12/07/2022 11:59:34:533 BRT] 0000002d com.ibm.ws.webcontainer.osgi.mbeans.PluginGenerator          I SRVE9103I: Um arquivo de configuração para um plug-in de servidor da web foi automaticamente gerado para este servidor em C:\Users\robert\Desktop\novosExercicios\demo\service-a\target\liberty\wlp\usr\servers\ws\logs\state\plugin-cfg.xml.
[12/07/2022 11:59:35:218 BRT] 00000029 com.ibm.ws.webcontainer.osgi.webapp.WebGroup                 I SRVE0169I: Carregando o Módulo da Web: ws.
[12/07/2022 11:59:35:219 BRT] 00000029 com.ibm.ws.webcontainer                                      I SRVE0250I: O Módulo da Web ws foi ligado ao default_host.
[12/07/2022 11:59:35:219 BRT] 00000029 com.ibm.ws.http.internal.VirtualHostImpl                     A CWWKT0016I: Aplicativo da Web disponível (default_host): http://localhost:9080/
[12/07/2022 11:59:35:268 BRT] 0000002d com.ibm.ws.session.WASSessionCore                            I SESN0176I: Um novo contexto de sessão será criado para a chave do aplicativo default_host/
[12/07/2022 11:59:35:268 BRT] 0000002d com.ibm.ws.util                                              I SESN0172I: O gerenciador de sessões está usando a implementação SecureRandom padrão Java para geração do ID de sessão.
[12/07/2022 11:59:35:317 BRT] 00000029 com.ibm.ws.webcontainer.osgi.mbeans.PluginGenerator          I SRVE9103I: Um arquivo de configuração para um plug-in de servidor da web foi automaticamente gerado para este servidor em C:\Users\robert\Desktop\novosExercicios\demo\service-a\target\liberty\wlp\usr\servers\ws\logs\state\plugin-cfg.xml.
[12/07/2022 11:59:35:319 BRT] 0000002d com.ibm.ws.app.manager.AppMessageHelper                      A CWWKZ0003I: O aplicativo ws foi atualizado em 0,807 segundos.
[12/07/2022 11:59:35:849 BRT] 00000028 com.ibm.ws.http.internal.VirtualHostImpl                     A CWWKT0017I: Aplicativo da Web removido (default_host): http://localhost:9080/
[12/07/2022 11:59:35:872 BRT] 00000028 com.ibm.ws.app.manager.AppMessageHelper                      A CWWKZ0009I: O aplicativo ws foi interrompido com sucesso.
[12/07/2022 11:59:35:907 BRT] 00000028 com.ibm.ws.app.manager.AppMessageHelper                      I CWWKZ0018I: Iniciando o aplicativo ws.
[12/07/2022 11:59:35:909 BRT] 00000028 bm.ws.app.manager.war.internal.WARDeployedAppInfoFactoryImpl I CWWKZ0134I: O aplicativo ws está usando a definição de aplicativo indefinido no local C:\Users\robert\Desktop\novosExercicios\demo\service-a\target\liberty\wlp\usr\servers\ws\apps\ws.war.xml.
[12/07/2022 11:59:36:059 BRT] 00000025 com.ibm.ws.webcontainer.osgi.mbeans.PluginGenerator          I SRVE9103I: Um arquivo de configuração para um plug-in de servidor da web foi automaticamente gerado para este servidor em C:\Users\robert\Desktop\novosExercicios\demo\service-a\target\liberty\wlp\usr\servers\ws\logs\state\plugin-cfg.xml.
[12/07/2022 11:59:36:565 BRT] 00000028 com.ibm.ws.webcontainer.osgi.webapp.WebGroup                 I SRVE0169I: Carregando o Módulo da Web: ws.
[12/07/2022 11:59:36:566 BRT] 00000028 com.ibm.ws.webcontainer                                      I SRVE0250I: O Módulo da Web ws foi ligado ao default_host.
[12/07/2022 11:59:36:566 BRT] 00000028 com.ibm.ws.http.internal.VirtualHostImpl                     A CWWKT0016I: Aplicativo da Web disponível (default_host): http://localhost:9080/
[12/07/2022 11:59:36:624 BRT] 0000002d com.ibm.ws.session.WASSessionCore                            I SESN0176I: Um novo contexto de sessão será criado para a chave do aplicativo default_host/
[12/07/2022 11:59:36:625 BRT] 0000002d com.ibm.ws.util                                              I SESN0172I: O gerenciador de sessões está usando a implementação SecureRandom padrão Java para geração do ID de sessão.
[12/07/2022 11:59:36:634 BRT] 0000002d com.ibm.ws.app.manager.AppMessageHelper                      A CWWKZ0003I: O aplicativo ws foi atualizado em 0,727 segundos.
[12/07/2022 11:59:36:643 BRT] 00000028 com.ibm.ws.webcontainer.osgi.mbeans.PluginGenerator          I SRVE9103I: Um arquivo de configuração para um plug-in de servidor da web foi automaticamente gerado para este servidor em C:\Users\robert\Desktop\novosExercicios\demo\service-a\target\liberty\wlp\usr\servers\ws\logs\state\plugin-cfg.xml.
[12/07/2022 12:00:15:242 BRT] 00000025 org.apache.cxf.management.jmx.InstrumentationManagerImpl     I registering MBean org.apache.cxf:bus.id=ws-Server-Bus,type=Bus,instance.id=1077732507: org.apache.cxf.bus.ManagedBus@6d5adb97
[12/07/2022 12:00:15:244 BRT] 00000025 org.apache.cxf.management.jmx.InstrumentationManagerImpl     I registered org.apache.cxf:bus.id=ws-Server-Bus,type=Bus,instance.id=1077732507
[12/07/2022 12:00:15:248 BRT] 00000025 org.apache.cxf.management.jmx.InstrumentationManagerImpl     I registering MBean org.apache.cxf:bus.id=ws-Server-Bus,WorkQueueManager=Bus.WorkQueueManager,type=WorkQueueManager,instance.id=1834973163: org.apache.cxf.bus.managers.WorkQueueManagerImplMBeanWrapper@4ae05ee7
[12/07/2022 12:00:16:354 BRT] 00000025 org.apache.cxf.endpoint.ServerImpl                           I Setting the server's publish address to be /Big
[12/07/2022 12:00:16:375 BRT] 00000025 org.apache.cxf.management.jmx.InstrumentationManagerImpl     I registering MBean org.apache.cxf:bus.id=ws-Server-Bus,type=Bus.Service.Endpoint,service="{http://demo.example.com.java.main/}Big",port="BigPort",instance.id=467869638: org.apache.cxf.endpoint.ManagedEndpoint@7f3207d
[12/07/2022 12:00:16:404 BRT] 00000025 com.ibm.ws.webcontainer.servlet                              I SRVE0242I: [ws] [/] [main.java.com.example.demo.MyBigWs]: Inicialização bem sucedida.
[12/07/2022 12:02:06:143 BRT] 0000002c com.ibm.ws.http.internal.VirtualHostImpl                     A CWWKT0017I: Aplicativo da Web removido (default_host): http://localhost:9080/
[12/07/2022 12:02:06:150 BRT] 0000002c com.ibm.ws.webcontainer.servlet                              I SRVE0253I: [ws] [/] [main.java.com.example.demo.MyBigWs]: Destruição bem sucedida.
[12/07/2022 12:02:06:160 BRT] 0000002c com.ibm.ws.app.manager.AppMessageHelper                      A CWWKZ0009I: O aplicativo ws foi interrompido com sucesso.
[12/07/2022 12:02:06:172 BRT] 0000002c com.ibm.ws.app.manager.AppMessageHelper                      I CWWKZ0018I: Iniciando o aplicativo ws.
[12/07/2022 12:02:06:172 BRT] 0000002c bm.ws.app.manager.war.internal.WARDeployedAppInfoFactoryImpl I CWWKZ0134I: O aplicativo ws está usando a definição de aplicativo indefinido no local C:\Users\robert\Desktop\novosExercicios\demo\service-a\target\liberty\wlp\usr\servers\ws\apps\ws.war.xml.
[12/07/2022 12:02:06:194 BRT] 00000037 com.ibm.ws.webcontainer.osgi.mbeans.PluginGenerator          I SRVE9103I: Um arquivo de configuração para um plug-in de servidor da web foi automaticamente gerado para este servidor em C:\Users\robert\Desktop\novosExercicios\demo\service-a\target\liberty\wlp\usr\servers\ws\logs\state\plugin-cfg.xml.
[12/07/2022 12:02:06:552 BRT] 0000002c com.ibm.ws.webcontainer.osgi.webapp.WebGroup                 I SRVE0169I: Carregando o Módulo da Web: ws.
[12/07/2022 12:02:06:553 BRT] 0000002c com.ibm.ws.webcontainer                                      I SRVE0250I: O Módulo da Web ws foi ligado ao default_host.
[12/07/2022 12:02:06:553 BRT] 0000002c com.ibm.ws.http.internal.VirtualHostImpl                     A CWWKT0016I: Aplicativo da Web disponível (default_host): http://localhost:9080/
[12/07/2022 12:02:06:585 BRT] 00000035 com.ibm.ws.session.WASSessionCore                            I SESN0176I: Um novo contexto de sessão será criado para a chave do aplicativo default_host/
[12/07/2022 12:02:06:586 BRT] 00000035 com.ibm.ws.util                                              I SESN0172I: O gerenciador de sessões está usando a implementação SecureRandom padrão Java para geração do ID de sessão.
[12/07/2022 12:02:06:593 BRT] 00000035 com.ibm.ws.app.manager.AppMessageHelper                      A CWWKZ0003I: O aplicativo ws foi atualizado em 0,421 segundos.
[12/07/2022 12:02:06:593 BRT] 00000027 com.ibm.ws.webcontainer.osgi.mbeans.PluginGenerator          I SRVE9103I: Um arquivo de configuração para um plug-in de servidor da web foi automaticamente gerado para este servidor em C:\Users\robert\Desktop\novosExercicios\demo\service-a\target\liberty\wlp\usr\servers\ws\logs\state\plugin-cfg.xml.
[12/07/2022 12:03:56:983 BRT] 0000002c com.ibm.ws.http.internal.VirtualHostImpl                     A CWWKT0017I: Aplicativo da Web removido (default_host): http://localhost:9080/
[12/07/2022 12:03:56:995 BRT] 0000002c com.ibm.ws.app.manager.AppMessageHelper                      A CWWKZ0009I: O aplicativo ws foi interrompido com sucesso.
[12/07/2022 12:03:57:028 BRT] 00000037 com.ibm.ws.webcontainer.osgi.mbeans.PluginGenerator          I SRVE9103I: Um arquivo de configuração para um plug-in de servidor da web foi automaticamente gerado para este servidor em C:\Users\robert\Desktop\novosExercicios\demo\service-a\target\liberty\wlp\usr\servers\ws\logs\state\plugin-cfg.xml.
[12/07/2022 12:03:57:041 BRT] 0000002c com.ibm.ws.app.manager.AppMessageHelper                      I CWWKZ0018I: Iniciando o aplicativo ws.
[12/07/2022 12:03:57:042 BRT] 0000002c bm.ws.app.manager.war.internal.WARDeployedAppInfoFactoryImpl I CWWKZ0134I: O aplicativo ws está usando a definição de aplicativo indefinido no local C:\Users\robert\Desktop\novosExercicios\demo\service-a\target\liberty\wlp\usr\servers\ws\apps\ws.war.xml.
[12/07/2022 12:03:57:650 BRT] 0000002c com.ibm.ws.webcontainer.osgi.webapp.WebGroup                 I SRVE0169I: Carregando o Módulo da Web: ws.
[12/07/2022 12:03:57:655 BRT] 0000002c com.ibm.ws.webcontainer                                      I SRVE0250I: O Módulo da Web ws foi ligado ao default_host.
[12/07/2022 12:03:57:656 BRT] 0000002c com.ibm.ws.http.internal.VirtualHostImpl                     A CWWKT0016I: Aplicativo da Web disponível (default_host): http://localhost:9080/
[12/07/2022 12:03:57:744 BRT] 0000002c com.ibm.ws.webcontainer.osgi.mbeans.PluginGenerator          I SRVE9103I: Um arquivo de configuração para um plug-in de servidor da web foi automaticamente gerado para este servidor em C:\Users\robert\Desktop\novosExercicios\demo\service-a\target\liberty\wlp\usr\servers\ws\logs\state\plugin-cfg.xml.
[12/07/2022 12:03:57:753 BRT] 00000036 org.apache.cxf.management.jmx.InstrumentationManagerImpl     I registering MBean org.apache.cxf:bus.id=ws-Client-Bus,type=Bus,instance.id=1498581233: org.apache.cxf.bus.ManagedBus@4708c33a
[12/07/2022 12:03:57:756 BRT] 00000036 org.apache.cxf.management.jmx.InstrumentationManagerImpl     I registered org.apache.cxf:bus.id=ws-Client-Bus,type=Bus,instance.id=1498581233
[12/07/2022 12:03:57:760 BRT] 00000036 org.apache.cxf.management.jmx.InstrumentationManagerImpl     I registering MBean org.apache.cxf:bus.id=ws-Client-Bus,WorkQueueManager=Bus.WorkQueueManager,type=WorkQueueManager,instance.id=252634856: org.apache.cxf.bus.managers.WorkQueueManagerImplMBeanWrapper@4256e2f8
[12/07/2022 12:03:57:771 BRT] 00000036 com.ibm.ws.session.WASSessionCore                            I SESN0176I: Um novo contexto de sessão será criado para a chave do aplicativo default_host/
[12/07/2022 12:03:57:772 BRT] 00000036 com.ibm.ws.util                                              I SESN0172I: O gerenciador de sessões está usando a implementação SecureRandom padrão Java para geração do ID de sessão.
[12/07/2022 12:03:57:777 BRT] 00000036 com.ibm.ws.app.manager.AppMessageHelper                      A CWWKZ0003I: O aplicativo ws foi atualizado em 0,736 segundos.
[12/07/2022 12:03:58:256 BRT] 00000037 com.ibm.ws.http.internal.VirtualHostImpl                     A CWWKT0017I: Aplicativo da Web removido (default_host): http://localhost:9080/
[12/07/2022 12:03:58:265 BRT] 00000037 com.ibm.ws.app.manager.AppMessageHelper                      A CWWKZ0009I: O aplicativo ws foi interrompido com sucesso.
[12/07/2022 12:03:58:278 BRT] 00000037 com.ibm.ws.app.manager.AppMessageHelper                      I CWWKZ0018I: Iniciando o aplicativo ws.
[12/07/2022 12:03:58:278 BRT] 00000037 bm.ws.app.manager.war.internal.WARDeployedAppInfoFactoryImpl I CWWKZ0134I: O aplicativo ws está usando a definição de aplicativo indefinido no local C:\Users\robert\Desktop\novosExercicios\demo\service-a\target\liberty\wlp\usr\servers\ws\apps\ws.war.xml.
[12/07/2022 12:03:58:292 BRT] 00000025 com.ibm.ws.webcontainer.osgi.mbeans.PluginGenerator          I SRVE9103I: Um arquivo de configuração para um plug-in de servidor da web foi automaticamente gerado para este servidor em C:\Users\robert\Desktop\novosExercicios\demo\service-a\target\liberty\wlp\usr\servers\ws\logs\state\plugin-cfg.xml.
[12/07/2022 12:03:58:589 BRT] 00000037 com.ibm.ws.webcontainer.osgi.webapp.WebGroup                 I SRVE0169I: Carregando o Módulo da Web: ws.
[12/07/2022 12:03:58:590 BRT] 00000037 com.ibm.ws.webcontainer                                      I SRVE0250I: O Módulo da Web ws foi ligado ao default_host.
[12/07/2022 12:03:58:590 BRT] 00000037 com.ibm.ws.http.internal.VirtualHostImpl                     A CWWKT0016I: Aplicativo da Web disponível (default_host): http://localhost:9080/
[12/07/2022 12:03:58:640 BRT] 00000027 org.apache.cxf.management.jmx.InstrumentationManagerImpl     I registering MBean org.apache.cxf:bus.id=ws-Client-Bus,type=Bus,instance.id=2041968249: org.apache.cxf.bus.ManagedBus@1bc2a731
[12/07/2022 12:03:58:641 BRT] 00000027 org.apache.cxf.management.jmx.InstrumentationManagerImpl     I registered org.apache.cxf:bus.id=ws-Client-Bus,type=Bus,instance.id=2041968249
[12/07/2022 12:03:58:645 BRT] 00000027 org.apache.cxf.management.jmx.InstrumentationManagerImpl     I registering MBean org.apache.cxf:bus.id=ws-Client-Bus,WorkQueueManager=Bus.WorkQueueManager,type=WorkQueueManager,instance.id=23475823: org.apache.cxf.bus.managers.WorkQueueManagerImplMBeanWrapper@57361e04
[12/07/2022 12:03:58:643 BRT] 00000037 com.ibm.ws.webcontainer.osgi.mbeans.PluginGenerator          I SRVE9103I: Um arquivo de configuração para um plug-in de servidor da web foi automaticamente gerado para este servidor em C:\Users\robert\Desktop\novosExercicios\demo\service-a\target\liberty\wlp\usr\servers\ws\logs\state\plugin-cfg.xml.
[12/07/2022 12:03:58:655 BRT] 00000027 com.ibm.ws.session.WASSessionCore                            I SESN0176I: Um novo contexto de sessão será criado para a chave do aplicativo default_host/
[12/07/2022 12:03:58:656 BRT] 00000027 com.ibm.ws.util                                              I SESN0172I: O gerenciador de sessões está usando a implementação SecureRandom padrão Java para geração do ID de sessão.
[12/07/2022 12:03:58:660 BRT] 00000027 com.ibm.ws.app.manager.AppMessageHelper                      A CWWKZ0003I: O aplicativo ws foi atualizado em 0,382 segundos.
[12/07/2022 12:04:03:609 BRT] 00000035 com.ibm.ws.http.internal.VirtualHostImpl                     A CWWKT0017I: Aplicativo da Web removido (default_host): http://localhost:9080/
[12/07/2022 12:04:03:619 BRT] 00000035 com.ibm.ws.app.manager.AppMessageHelper                      A CWWKZ0009I: O aplicativo ws foi interrompido com sucesso.
[12/07/2022 12:04:03:629 BRT] 00000035 com.ibm.ws.app.manager.AppMessageHelper                      I CWWKZ0018I: Iniciando o aplicativo ws.
[12/07/2022 12:04:03:631 BRT] 00000035 bm.ws.app.manager.war.internal.WARDeployedAppInfoFactoryImpl I CWWKZ0134I: O aplicativo ws está usando a definição de aplicativo indefinido no local C:\Users\robert\Desktop\novosExercicios\demo\service-a\target\liberty\wlp\usr\servers\ws\apps\ws.war.xml.
[12/07/2022 12:04:03:686 BRT] 00000038 com.ibm.ws.webcontainer.osgi.mbeans.PluginGenerator          I SRVE9103I: Um arquivo de configuração para um plug-in de servidor da web foi automaticamente gerado para este servidor em C:\Users\robert\Desktop\novosExercicios\demo\service-a\target\liberty\wlp\usr\servers\ws\logs\state\plugin-cfg.xml.
[12/07/2022 12:04:04:020 BRT] 00000035 com.ibm.ws.webcontainer.osgi.webapp.WebGroup                 I SRVE0169I: Carregando o Módulo da Web: ws.
[12/07/2022 12:04:04:020 BRT] 00000035 com.ibm.ws.webcontainer                                      I SRVE0250I: O Módulo da Web ws foi ligado ao default_host.
[12/07/2022 12:04:04:021 BRT] 00000035 com.ibm.ws.http.internal.VirtualHostImpl                     A CWWKT0016I: Aplicativo da Web disponível (default_host): http://localhost:9080/
[12/07/2022 12:04:04:061 BRT] 00000035 com.ibm.ws.webcontainer.osgi.mbeans.PluginGenerator          I SRVE9103I: Um arquivo de configuração para um plug-in de servidor da web foi automaticamente gerado para este servidor em C:\Users\robert\Desktop\novosExercicios\demo\service-a\target\liberty\wlp\usr\servers\ws\logs\state\plugin-cfg.xml.
[12/07/2022 12:04:04:060 BRT] 0000002c org.apache.cxf.management.jmx.InstrumentationManagerImpl     I registering MBean org.apache.cxf:bus.id=ws-Client-Bus,type=Bus,instance.id=2060400661: org.apache.cxf.bus.ManagedBus@5a69afa3
[12/07/2022 12:04:04:062 BRT] 0000002c org.apache.cxf.management.jmx.InstrumentationManagerImpl     I registered org.apache.cxf:bus.id=ws-Client-Bus,type=Bus,instance.id=2060400661
[12/07/2022 12:04:04:065 BRT] 0000002c org.apache.cxf.management.jmx.InstrumentationManagerImpl     I registering MBean org.apache.cxf:bus.id=ws-Client-Bus,WorkQueueManager=Bus.WorkQueueManager,type=WorkQueueManager,instance.id=1230038370: org.apache.cxf.bus.managers.WorkQueueManagerImplMBeanWrapper@4adc63cd
[12/07/2022 12:04:04:074 BRT] 0000002c com.ibm.ws.session.WASSessionCore                            I SESN0176I: Um novo contexto de sessão será criado para a chave do aplicativo default_host/
[12/07/2022 12:04:04:075 BRT] 0000002c com.ibm.ws.util                                              I SESN0172I: O gerenciador de sessões está usando a implementação SecureRandom padrão Java para geração do ID de sessão.
[12/07/2022 12:04:04:079 BRT] 0000002c com.ibm.ws.app.manager.AppMessageHelper                      A CWWKZ0003I: O aplicativo ws foi atualizado em 0,449 segundos.
[12/07/2022 12:06:03:724 BRT] 00000015 com.ibm.ws.kernel.launch.internal.ServerCommandListener      A CWWKE0055I: Encerramento do servidor solicitado em terça-feira, 12 de julho de 2022 às 12:06. O servidor ws está sendo encerrado.
[12/07/2022 12:06:03:733 BRT] 0000003a com.ibm.ws.runtime.update.internal.RuntimeUpdateManagerImpl  A CWWKE1100I: Aguardando até 30 segundos para o servidor ser colocado em modo quiesce.
[12/07/2022 12:06:03:846 BRT] 00000038 com.ibm.ws.tcpchannel.internal.TCPChannel                    I CWWKO0220I: O Canal TCP defaultHttpEndpoint interrompeu o atendimento das solicitações no host 127.0.0.1  (IPv4: 127.0.0.1) porta 9080.
[12/07/2022 12:06:03:864 BRT] 00000038 com.ibm.ws.http.internal.VirtualHostImpl                     A CWWKT0017I: Aplicativo da Web removido (default_host): http://localhost:9080/
[12/07/2022 12:06:04:880 BRT] 0000003a com.ibm.ws.runtime.update.internal.RuntimeUpdateManagerImpl  I CWWKE1101I: Colocação em modo quiesce do servidor concluída.
[12/07/2022 12:06:04:974 BRT] 00000027 com.ibm.ws.app.manager.AppMessageHelper                      A CWWKZ0009I: O aplicativo ws foi interrompido com sucesso.
[12/07/2022 12:06:05:186 BRT] 0000003a org.apache.cxf.bus.osgi.CXFActivator                         I Removing the extensions for bundle 97
[12/07/2022 12:06:05:186 BRT] 0000003a org.apache.cxf.bus.osgi.CXFActivator                         I Removing the extensions for bundle 99
[12/07/2022 12:06:05:187 BRT] 0000003a org.apache.cxf.bus.osgi.CXFActivator                         I Removing the extensions for bundle 100
[12/07/2022 12:06:05:187 BRT] 0000003a org.apache.cxf.bus.osgi.CXFActivator                         I Removing the extensions for bundle 101
[12/07/2022 12:06:05:187 BRT] 0000003a org.apache.cxf.bus.osgi.CXFActivator                         I Removing the extensions for bundle 102
[12/07/2022 12:06:05:187 BRT] 0000003a org.apache.cxf.bus.osgi.CXFActivator                         I Removing the extensions for bundle 93
[12/07/2022 12:06:05:187 BRT] 0000003a org.apache.cxf.bus.osgi.CXFActivator                         I Removing the extensions for bundle 94
[12/07/2022 12:06:06:132 BRT] 00000001 com.ibm.ws.kernel.launch.internal.FrameworkManager           A CWWKE0036I: O servidor ws foi interrompido depois de 8 minutos, 38,695 segundos.
