********************************************************************************
product = Open Liberty 22.0.0.7 (wlp-1.0.66.cl220720220620-2217)
wlp.install.dir = C:/Users/robert/Desktop/novosExercicios/demo/service-a/target/liberty/wlp/
java.home = C:\Program Files\java\jdk-11
java.version = 11
java.runtime = OpenJDK Runtime Environment (11+28)
os = Windows 10 (10.0; amd64) (pt_BR)
process = 5524@DESKTOP-NBICLVV
Classpath = C:\Users\robert\Desktop\novosExercicios\demo\service-a\target\liberty\wlp\bin\tools\ws-server.jar
Java Library path = C:\Program Files\java\jdk-11\bin;C:\Windows\Sun\Java\bin;C:\Windows\system32;C:\Windows;C:\Windows\system32;C:\Windows;C:\Windows\System32\Wbem;C:\Windows\System32\WindowsPowerShell\v1.0\;C:\Program Files (x86)\ATI Technologies\ATI.ACE\Core-Static;C:\ProgramData\chocolatey\bin;C:\apache-maven-3.8.4\bin;C:\Program Files\dotnet\;C:\Program Files\Git\cmd;C:\Program Files\PuTTY\;C:\apache-maven-3.8.4\bin;C:\Program Files (x86)\Windows Live\Shared;C:\Users\robert\AppData\Local\Microsoft\WindowsApps;C:\Users\robert\AppData\Local\Programs\Microsoft VS Code\bin;C:\Program Files\java\jdk-11\bin;C:\Users\robert\.dotnet\tools;C:\apache-maven-3.8.4\bin;;.
********************************************************************************
[12/07/2022 12:06:36:178 BRT] 00000001 com.ibm.ws.kernel.launch.internal.FrameworkManager           A CWWKE0001I: O servidor ws foi ativado.
[12/07/2022 12:06:39:501 BRT] 00000001 com.ibm.ws.kernel.launch.internal.FrameworkManager           I CWWKE0002I: O kernel foi iniciado após 4,478 segundos
[12/07/2022 12:06:39:566 BRT] 00000025 com.ibm.ws.kernel.feature.internal.FeatureManager            I CWWKF0007I: Atualização do recurso iniciada.
[12/07/2022 12:06:40:434 BRT] 00000019 com.ibm.ws.app.manager.internal.monitor.DropinMonitor        A CWWKZ0058I: Monitorando dropins para aplicativos.
[12/07/2022 12:06:41:750 BRT] 00000018 org.apache.cxf.bus.osgi.CXFActivator                         I Adding the extensions from bundle com.ibm.ws.org.apache.cxf.cxf.rt.bindings.soap.2.6.2 (93) [org.apache.cxf.binding.soap.SoapBindingFactory, org.apache.cxf.binding.soap.SoapTransportFactory]
[12/07/2022 12:06:41:761 BRT] 00000018 org.apache.cxf.bus.osgi.CXFActivator                         I Adding the extensions from bundle com.ibm.ws.org.apache.cxf.cxf.rt.bindings.xml.2.6.2 (94) [org.apache.cxf.binding.xml.XMLBindingFactory, org.apache.cxf.binding.xml.wsdl11.XMLWSDLExtensionLoader]
[12/07/2022 12:06:41:765 BRT] 00000018 org.apache.cxf.bus.osgi.CXFActivator                         I Adding the extensions from bundle com.ibm.ws.org.apache.cxf.cxf.rt.frontend.jaxws.2.6.2 (97) [org.apache.cxf.jaxws.context.WebServiceContextResourceResolver]
[12/07/2022 12:06:41:771 BRT] 00000018 org.apache.cxf.bus.osgi.CXFActivator                         I Adding the extensions from bundle com.ibm.ws.org.apache.cxf.cxf.rt.management.2.6.2 (99) [org.apache.cxf.management.InstrumentationManager]
[12/07/2022 12:06:41:774 BRT] 00000018 org.apache.cxf.bus.osgi.CXFActivator                         I Adding the extensions from bundle com.ibm.ws.org.apache.cxf.cxf.rt.transports.http.2.6.2 (100) [org.apache.cxf.transport.http.HTTPTransportFactory, org.apache.cxf.transport.http.HTTPWSDLExtensionLoader, org.apache.cxf.transport.http.policy.HTTPClientAssertionBuilder, org.apache.cxf.transport.http.policy.HTTPServerAssertionBuilder, org.apache.cxf.transport.http.policy.NoOpPolicyInterceptorProvider]
[12/07/2022 12:06:41:779 BRT] 00000018 org.apache.cxf.bus.osgi.CXFActivator                         I Adding the extensions from bundle com.ibm.ws.org.apache.cxf.cxf.rt.ws.addr.2.6.2 (101) [org.apache.cxf.ws.addressing.policy.AddressingAssertionBuilder, org.apache.cxf.ws.addressing.policy.UsingAddressingAssertionBuilder, org.apache.cxf.ws.addressing.policy.AddressingPolicyInterceptorProvider, org.apache.cxf.ws.addressing.impl.AddressingWSDLExtensionLoader, org.apache.cxf.ws.addressing.WSAddressingFeature$WSAddressingFeatureApplier, org.apache.cxf.ws.addressing.MAPAggregator$MAPAggregatorLoader]
[12/07/2022 12:06:41:781 BRT] 00000018 org.apache.cxf.bus.osgi.CXFActivator                         I Adding the extensions from bundle com.ibm.ws.org.apache.cxf.cxf.rt.ws.policy.2.6.2 (102) [org.apache.cxf.ws.policy.PolicyEngine, org.apache.cxf.policy.PolicyDataEngine, org.apache.cxf.ws.policy.AssertionBuilderRegistry, org.apache.cxf.ws.policy.PolicyInterceptorProviderRegistry, org.apache.cxf.ws.policy.PolicyBuilder, org.apache.cxf.ws.policy.PolicyAnnotationListener, org.apache.cxf.ws.policy.attachment.ServiceModelPolicyProvider, org.apache.cxf.ws.policy.attachment.external.DomainExpressionBuilderRegistry, org.apache.cxf.ws.policy.attachment.external.EndpointReferenceDomainExpressionBuilder, org.apache.cxf.ws.policy.attachment.wsdl11.Wsdl11AttachmentPolicyProvider, org.apache.cxf.ws.policy.mtom.MTOMAssertionBuilder, org.apache.cxf.ws.policy.mtom.MTOMPolicyInterceptorProvider]
[12/07/2022 12:06:42:861 BRT] 00000028 com.ibm.ws.app.manager.AppMessageHelper                      I CWWKZ0018I: Iniciando o aplicativo ws.
[12/07/2022 12:06:42:865 BRT] 00000028 bm.ws.app.manager.war.internal.WARDeployedAppInfoFactoryImpl I CWWKZ0134I: O aplicativo ws está usando a definição de aplicativo indefinido no local C:\Users\robert\Desktop\novosExercicios\demo\service-a\target\liberty\wlp\usr\servers\ws\apps\ws.war.xml.
[12/07/2022 12:06:45:365 BRT] 00000028 com.ibm.ws.session.WASSessionCore                            I SESN8501I: O gerenciador de sessões não localizou um local de armazenamento persistente; objetos HttpSession serão armazenados na memória do servidor de aplicativos local.
[12/07/2022 12:06:45:415 BRT] 00000028 com.ibm.ws.webcontainer.osgi.webapp.WebGroup                 I SRVE0169I: Carregando o Módulo da Web: ws.
[12/07/2022 12:06:45:426 BRT] 00000028 com.ibm.ws.webcontainer                                      I SRVE0250I: O Módulo da Web ws foi ligado ao default_host.
[12/07/2022 12:06:45:429 BRT] 00000028 com.ibm.ws.http.internal.VirtualHostImpl                     A CWWKT0016I: Aplicativo da Web disponível (default_host): http://localhost:9080/
[12/07/2022 12:06:45:730 BRT] 00000026 com.ibm.ws.webcontainer.osgi.mbeans.PluginGenerator          I SRVE9103I: Um arquivo de configuração para um plug-in de servidor da web foi automaticamente gerado para este servidor em C:\Users\robert\Desktop\novosExercicios\demo\service-a\target\liberty\wlp\usr\servers\ws\logs\state\plugin-cfg.xml.
[12/07/2022 12:06:45:924 BRT] 0000002b org.apache.cxf.management.jmx.InstrumentationManagerImpl     I registering MBean org.apache.cxf:bus.id=ws-Client-Bus,type=Bus,instance.id=572140568: org.apache.cxf.bus.ManagedBus@6be21dd0
[12/07/2022 12:06:45:957 BRT] 0000002b org.apache.cxf.management.jmx.InstrumentationManagerImpl     I registered org.apache.cxf:bus.id=ws-Client-Bus,type=Bus,instance.id=572140568
[12/07/2022 12:06:46:086 BRT] 0000002b org.apache.cxf.management.jmx.InstrumentationManagerImpl     I registering MBean org.apache.cxf:bus.id=ws-Client-Bus,WorkQueueManager=Bus.WorkQueueManager,type=WorkQueueManager,instance.id=261690784: org.apache.cxf.bus.managers.WorkQueueManagerImplMBeanWrapper@53a9cdca
[12/07/2022 12:06:46:207 BRT] 0000002b com.ibm.ws.session.WASSessionCore                            I SESN0176I: Um novo contexto de sessão será criado para a chave do aplicativo default_host/
[12/07/2022 12:06:46:232 BRT] 0000002b com.ibm.ws.util                                              I SESN0172I: O gerenciador de sessões está usando a implementação SecureRandom padrão Java para geração do ID de sessão.
[12/07/2022 12:06:46:321 BRT] 0000002b com.ibm.ws.app.manager.AppMessageHelper                      A CWWKZ0001I: O aplicativo ws foi iniciado em 3,459 segundos.
[12/07/2022 12:06:46:462 BRT] 00000025 com.ibm.ws.tcpchannel.internal.TCPPort                       I CWWKO0219I: O Canal TCP defaultHttpEndpoint foi iniciado e agora está atendendo solicitações no host 127.0.0.1  (IPv4: 127.0.0.1) porta 9080.
[12/07/2022 12:06:46:484 BRT] 00000025 com.ibm.ws.kernel.feature.internal.FeatureManager            A CWWKF0012I: O servidor instalou os recursos a seguir: [jaxb-2.2, jaxws-2.2, servlet-4.0].
[12/07/2022 12:06:46:490 BRT] 00000025 com.ibm.ws.kernel.feature.internal.FeatureManager            I CWWKF0008I: Atualização do recurso concluída em 6,966 segundos.
[12/07/2022 12:06:46:491 BRT] 00000025 com.ibm.ws.kernel.feature.internal.FeatureManager            A CWWKF0011I: O servidor ws está pronto para gerenciar um planeta mais inteligente. O servidor ws foi iniciado em 11,473 segundos.
